#! /usr/bin/vvp
:ivl_version "11.0 (stable)";
:ivl_delay_selection "TYPICAL";
:vpi_time_precision + 0;
:vpi_module "/usr/lib/x86_64-linux-gnu/ivl/system.vpi";
:vpi_module "/usr/lib/x86_64-linux-gnu/ivl/vhdl_sys.vpi";
:vpi_module "/usr/lib/x86_64-linux-gnu/ivl/vhdl_textio.vpi";
:vpi_module "/usr/lib/x86_64-linux-gnu/ivl/v2005_math.vpi";
:vpi_module "/usr/lib/x86_64-linux-gnu/ivl/va_math.vpi";
S_0x5b48c713ade0 .scope module, "slave_interface_tb" "slave_interface_tb" 2 1;
 .timescale 0 0;
v0x5b48c715f8e0_0 .net "gpio_addr", 3 0, L_0x5b48c7129340;  1 drivers
v0x5b48c715f9c0_0 .net "gpio_dat_i", 31 0, v0x5b48c715e860_0;  1 drivers
v0x5b48c715fa60_0 .var "gpio_dat_o", 31 0;
v0x5b48c715fb00_0 .var "gpio_inta_o", 0 0;
v0x5b48c715fba0_0 .net "gpio_we", 0 0, v0x5b48c715eae0_0;  1 drivers
v0x5b48c715fc40_0 .net "irq", 0 0, L_0x5b48c7128d70;  1 drivers
v0x5b48c715fce0_0 .var "paddr", 3 0;
v0x5b48c715fd80_0 .var "pclk", 0 0;
v0x5b48c715fe50_0 .var "penable", 0 0;
v0x5b48c715ff20_0 .net "prdata", 31 0, v0x5b48c715efa0_0;  1 drivers
v0x5b48c715fff0_0 .net "pready", 0 0, L_0x5b48c7160c20;  1 drivers
v0x5b48c71600c0_0 .var "preset", 0 0;
v0x5b48c7160190_0 .var "psel", 0 0;
v0x5b48c7160260_0 .var "pwdata", 31 0;
v0x5b48c7160330_0 .var "pwrite", 0 0;
v0x5b48c7160400_0 .net "sys_clk", 0 0, L_0x5b48c7129950;  1 drivers
v0x5b48c71604d0_0 .net "sys_rst", 0 0, L_0x5b48c7129670;  1 drivers
E_0x5b48c7130c50 .event negedge, v0x5b48c715ee20_0;
E_0x5b48c7132050 .event posedge, v0x5b48c715ee20_0;
S_0x5b48c713af70 .scope module, "DUT" "slave_interface" 2 9, 3 1 0, S_0x5b48c713ade0;
 .timescale 0 0;
    .port_info 0 /INPUT 1 "pclk";
    .port_info 1 /INPUT 1 "preset";
    .port_info 2 /INPUT 1 "psel";
    .port_info 3 /INPUT 1 "penable";
    .port_info 4 /INPUT 1 "pwrite";
    .port_info 5 /OUTPUT 1 "pready";
    .port_info 6 /INPUT 32 "pwdata";
    .port_info 7 /INPUT 4 "paddr";
    .port_info 8 /OUTPUT 32 "prdata";
    .port_info 9 /OUTPUT 1 "irq";
    .port_info 10 /OUTPUT 1 "sys_clk";
    .port_info 11 /OUTPUT 1 "sys_rst";
    .port_info 12 /OUTPUT 1 "gpio_we";
    .port_info 13 /OUTPUT 4 "gpio_addr";
    .port_info 14 /OUTPUT 32 "gpio_dat_i";
    .port_info 15 /INPUT 32 "gpio_dat_o";
    .port_info 16 /INPUT 1 "gpio_inta_o";
P_0x5b48c713b100 .param/l "enable" 0 3 23, C4<10>;
P_0x5b48c713b140 .param/l "idle" 0 3 21, C4<00>;
P_0x5b48c713b180 .param/l "setup" 0 3 22, C4<01>;
L_0x5b48c7128d70 .functor BUFZ 1, v0x5b48c715fb00_0, C4<0>, C4<0>, C4<0>;
L_0x5b48c7129340 .functor BUFZ 4, v0x5b48c715fce0_0, C4<0000>, C4<0000>, C4<0000>;
L_0x5b48c7129670 .functor BUFZ 1, v0x5b48c71600c0_0, C4<0>, C4<0>, C4<0>;
L_0x5b48c7129950 .functor BUFZ 1, v0x5b48c715fd80_0, C4<0>, C4<0>, C4<0>;
L_0x7917f3a6f0a8 .functor BUFT 1, C4<1>, C4<0>, C4<0>, C4<0>;
L_0x5b48c7129e00 .functor XNOR 1, v0x5b48c71600c0_0, L_0x7917f3a6f0a8, C4<0>, C4<0>;
L_0x5b48c712a330 .functor AND 1, L_0x5b48c71608c0, L_0x5b48c7129e00, C4<1>, C4<1>;
L_0x5b48c712a660 .functor OR 1, L_0x5b48c71607d0, L_0x5b48c712a330, C4<0>, C4<0>;
v0x5b48c7128e90_0 .net *"_ivl_10", 0 0, L_0x5b48c71607d0;  1 drivers
L_0x7917f3a6f060 .functor BUFT 1, C4<00>, C4<0>, C4<0>, C4<0>;
v0x5b48c71294a0_0 .net/2u *"_ivl_12", 1 0, L_0x7917f3a6f060;  1 drivers
v0x5b48c71297d0_0 .net *"_ivl_14", 0 0, L_0x5b48c71608c0;  1 drivers
v0x5b48c7129af0_0 .net/2u *"_ivl_16", 0 0, L_0x7917f3a6f0a8;  1 drivers
v0x5b48c7129f60_0 .net *"_ivl_18", 0 0, L_0x5b48c7129e00;  1 drivers
v0x5b48c712a490_0 .net *"_ivl_21", 0 0, L_0x5b48c712a330;  1 drivers
v0x5b48c712a7c0_0 .net *"_ivl_23", 0 0, L_0x5b48c712a660;  1 drivers
L_0x7917f3a6f0f0 .functor BUFT 1, C4<1>, C4<0>, C4<0>, C4<0>;
v0x5b48c715e4e0_0 .net/2u *"_ivl_24", 0 0, L_0x7917f3a6f0f0;  1 drivers
L_0x7917f3a6f138 .functor BUFT 1, C4<0>, C4<0>, C4<0>, C4<0>;
v0x5b48c715e5c0_0 .net/2u *"_ivl_26", 0 0, L_0x7917f3a6f138;  1 drivers
L_0x7917f3a6f018 .functor BUFT 1, C4<10>, C4<0>, C4<0>, C4<0>;
v0x5b48c715e6a0_0 .net/2u *"_ivl_8", 1 0, L_0x7917f3a6f018;  1 drivers
v0x5b48c715e780_0 .net "gpio_addr", 3 0, L_0x5b48c7129340;  alias, 1 drivers
v0x5b48c715e860_0 .var "gpio_dat_i", 31 0;
v0x5b48c715e940_0 .net "gpio_dat_o", 31 0, v0x5b48c715fa60_0;  1 drivers
v0x5b48c715ea20_0 .net "gpio_inta_o", 0 0, v0x5b48c715fb00_0;  1 drivers
v0x5b48c715eae0_0 .var "gpio_we", 0 0;
v0x5b48c715eba0_0 .net "irq", 0 0, L_0x5b48c7128d70;  alias, 1 drivers
v0x5b48c715ec60_0 .var "next", 1 0;
v0x5b48c715ed40_0 .net "paddr", 3 0, v0x5b48c715fce0_0;  1 drivers
v0x5b48c715ee20_0 .net "pclk", 0 0, v0x5b48c715fd80_0;  1 drivers
v0x5b48c715eee0_0 .net "penable", 0 0, v0x5b48c715fe50_0;  1 drivers
v0x5b48c715efa0_0 .var "prdata", 31 0;
v0x5b48c715f080_0 .net "pready", 0 0, L_0x5b48c7160c20;  alias, 1 drivers
v0x5b48c715f140_0 .var "pres", 1 0;
v0x5b48c715f220_0 .net "preset", 0 0, v0x5b48c71600c0_0;  1 drivers
v0x5b48c715f2e0_0 .net "psel", 0 0, v0x5b48c7160190_0;  1 drivers
v0x5b48c715f3a0_0 .net "pwdata", 31 0, v0x5b48c7160260_0;  1 drivers
v0x5b48c715f480_0 .net "pwrite", 0 0, v0x5b48c7160330_0;  1 drivers
v0x5b48c715f540_0 .net "sys_clk", 0 0, L_0x5b48c7129950;  alias, 1 drivers
v0x5b48c715f600_0 .net "sys_rst", 0 0, L_0x5b48c7129670;  alias, 1 drivers
E_0x5b48c71322a0 .event edge, v0x5b48c715f140_0, v0x5b48c715f480_0, v0x5b48c715f3a0_0, v0x5b48c715e940_0;
E_0x5b48c711b9b0 .event edge, v0x5b48c715f140_0, v0x5b48c715f2e0_0, v0x5b48c715eee0_0;
E_0x5b48c712b400 .event posedge, v0x5b48c715f220_0, v0x5b48c715ee20_0;
L_0x5b48c71607d0 .cmp/eq 2, v0x5b48c715f140_0, L_0x7917f3a6f018;
L_0x5b48c71608c0 .cmp/eq 2, v0x5b48c715f140_0, L_0x7917f3a6f060;
L_0x5b48c7160c20 .functor MUXZ 1, L_0x7917f3a6f138, L_0x7917f3a6f0f0, L_0x5b48c712a660, C4<>;
    .scope S_0x5b48c713af70;
T_0 ;
    %wait E_0x5b48c712b400;
    %load/vec4 v0x5b48c715f220_0;
    %cmpi/e 1, 0, 1;
    %jmp/0xz  T_0.0, 4;
    %pushi/vec4 0, 0, 2;
    %assign/vec4 v0x5b48c715f140_0, 0;
    %jmp T_0.1;
T_0.0 ;
    %load/vec4 v0x5b48c715ec60_0;
    %assign/vec4 v0x5b48c715f140_0, 0;
T_0.1 ;
    %jmp T_0;
    .thread T_0;
    .scope S_0x5b48c713af70;
T_1 ;
    %wait E_0x5b48c711b9b0;
    %load/vec4 v0x5b48c715f140_0;
    %dup/vec4;
    %pushi/vec4 0, 0, 2;
    %cmp/u;
    %jmp/1 T_1.0, 6;
    %dup/vec4;
    %pushi/vec4 1, 0, 2;
    %cmp/u;
    %jmp/1 T_1.1, 6;
    %dup/vec4;
    %pushi/vec4 2, 0, 2;
    %cmp/u;
    %jmp/1 T_1.2, 6;
    %pushi/vec4 0, 0, 2;
    %store/vec4 v0x5b48c715ec60_0, 0, 2;
    %jmp T_1.4;
T_1.0 ;
    %load/vec4 v0x5b48c715f2e0_0;
    %pushi/vec4 1, 0, 1;
    %cmp/e;
    %flag_get/vec4 4;
    %load/vec4 v0x5b48c715eee0_0;
    %pushi/vec4 0, 0, 1;
    %cmp/e;
    %flag_get/vec4 4;
    %and;
    %flag_set/vec4 8;
    %jmp/0xz  T_1.5, 8;
    %pushi/vec4 1, 0, 2;
    %store/vec4 v0x5b48c715ec60_0, 0, 2;
    %jmp T_1.6;
T_1.5 ;
    %pushi/vec4 0, 0, 2;
    %store/vec4 v0x5b48c715ec60_0, 0, 2;
T_1.6 ;
    %jmp T_1.4;
T_1.1 ;
    %load/vec4 v0x5b48c715f2e0_0;
    %pushi/vec4 1, 0, 1;
    %cmp/e;
    %flag_get/vec4 4;
    %load/vec4 v0x5b48c715eee0_0;
    %pushi/vec4 1, 0, 1;
    %cmp/e;
    %flag_get/vec4 4;
    %and;
    %flag_set/vec4 8;
    %jmp/0xz  T_1.7, 8;
    %pushi/vec4 2, 0, 2;
    %store/vec4 v0x5b48c715ec60_0, 0, 2;
    %jmp T_1.8;
T_1.7 ;
    %load/vec4 v0x5b48c715f2e0_0;
    %pushi/vec4 1, 0, 1;
    %cmp/e;
    %flag_get/vec4 4;
    %load/vec4 v0x5b48c715eee0_0;
    %pushi/vec4 0, 0, 1;
    %cmp/e;
    %flag_get/vec4 4;
    %and;
    %flag_set/vec4 8;
    %jmp/0xz  T_1.9, 8;
    %pushi/vec4 1, 0, 2;
    %store/vec4 v0x5b48c715ec60_0, 0, 2;
    %jmp T_1.10;
T_1.9 ;
    %pushi/vec4 0, 0, 2;
    %store/vec4 v0x5b48c715ec60_0, 0, 2;
T_1.10 ;
T_1.8 ;
    %jmp T_1.4;
T_1.2 ;
    %load/vec4 v0x5b48c715f2e0_0;
    %cmpi/e 1, 0, 1;
    %jmp/0xz  T_1.11, 4;
    %pushi/vec4 1, 0, 2;
    %store/vec4 v0x5b48c715ec60_0, 0, 2;
    %jmp T_1.12;
T_1.11 ;
    %pushi/vec4 0, 0, 2;
    %store/vec4 v0x5b48c715ec60_0, 0, 2;
T_1.12 ;
    %jmp T_1.4;
T_1.4 ;
    %pop/vec4 1;
    %jmp T_1;
    .thread T_1, $push;
    .scope S_0x5b48c713af70;
T_2 ;
    %wait E_0x5b48c71322a0;
    %load/vec4 v0x5b48c715f140_0;
    %pushi/vec4 2, 0, 2;
    %cmp/e;
    %flag_get/vec4 4;
    %load/vec4 v0x5b48c715f480_0;
    %pushi/vec4 1, 0, 1;
    %cmp/e;
    %flag_get/vec4 4;
    %and;
    %flag_set/vec4 8;
    %jmp/0xz  T_2.0, 8;
    %load/vec4 v0x5b48c715f3a0_0;
    %store/vec4 v0x5b48c715e860_0, 0, 32;
    %pushi/vec4 1, 0, 1;
    %store/vec4 v0x5b48c715eae0_0, 0, 1;
    %pushi/vec4 0, 0, 32;
    %store/vec4 v0x5b48c715efa0_0, 0, 32;
    %jmp T_2.1;
T_2.0 ;
    %load/vec4 v0x5b48c715f140_0;
    %pushi/vec4 2, 0, 2;
    %cmp/e;
    %flag_get/vec4 4;
    %load/vec4 v0x5b48c715f480_0;
    %pushi/vec4 0, 0, 1;
    %cmp/e;
    %flag_get/vec4 4;
    %and;
    %flag_set/vec4 8;
    %jmp/0xz  T_2.2, 8;
    %pushi/vec4 0, 0, 32;
    %store/vec4 v0x5b48c715e860_0, 0, 32;
    %pushi/vec4 0, 0, 1;
    %store/vec4 v0x5b48c715eae0_0, 0, 1;
    %load/vec4 v0x5b48c715e940_0;
    %store/vec4 v0x5b48c715efa0_0, 0, 32;
    %jmp T_2.3;
T_2.2 ;
    %pushi/vec4 0, 0, 32;
    %store/vec4 v0x5b48c715e860_0, 0, 32;
    %pushi/vec4 0, 0, 1;
    %store/vec4 v0x5b48c715eae0_0, 0, 1;
    %pushi/vec4 0, 0, 32;
    %store/vec4 v0x5b48c715efa0_0, 0, 32;
T_2.3 ;
T_2.1 ;
    %jmp T_2;
    .thread T_2, $push;
    .scope S_0x5b48c713ade0;
T_3 ;
    %pushi/vec4 0, 0, 1;
    %store/vec4 v0x5b48c715fd80_0, 0, 1;
    %pushi/vec4 0, 0, 1;
    %store/vec4 v0x5b48c7160190_0, 0, 1;
    %pushi/vec4 0, 0, 1;
    %store/vec4 v0x5b48c715fe50_0, 0, 1;
    %pushi/vec4 0, 0, 1;
    %store/vec4 v0x5b48c7160330_0, 0, 1;
    %end;
    .thread T_3;
    .scope S_0x5b48c713ade0;
T_4 ;
    %delay 5, 0;
    %load/vec4 v0x5b48c715fd80_0;
    %inv;
    %store/vec4 v0x5b48c715fd80_0, 0, 1;
    %jmp T_4;
    .thread T_4;
    .scope S_0x5b48c713ade0;
T_5 ;
    %wait E_0x5b48c7132050;
    %load/vec4 v0x5b48c71600c0_0;
    %cmpi/e 1, 0, 1;
    %jmp/0xz  T_5.0, 4;
    %pushi/vec4 0, 0, 32;
    %assign/vec4 v0x5b48c715fa60_0, 0;
    %jmp T_5.1;
T_5.0 ;
    %load/vec4 v0x5b48c715fba0_0;
    %cmpi/e 1, 0, 1;
    %jmp/0xz  T_5.2, 4;
    %load/vec4 v0x5b48c715f9c0_0;
    %assign/vec4 v0x5b48c715fa60_0, 0;
T_5.2 ;
T_5.1 ;
    %jmp T_5;
    .thread T_5;
    .scope S_0x5b48c713ade0;
T_6 ;
    %pushi/vec4 1, 0, 1;
    %store/vec4 v0x5b48c71600c0_0, 0, 1;
    %delay 10, 0;
    %pushi/vec4 0, 0, 1;
    %store/vec4 v0x5b48c71600c0_0, 0, 1;
    %wait E_0x5b48c7130c50;
    %pushi/vec4 2, 0, 4;
    %store/vec4 v0x5b48c715fce0_0, 0, 4;
    %pushi/vec4 1, 0, 1;
    %store/vec4 v0x5b48c7160330_0, 0, 1;
    %pushi/vec4 17, 0, 32;
    %store/vec4 v0x5b48c7160260_0, 0, 32;
    %pushi/vec4 1, 0, 1;
    %store/vec4 v0x5b48c7160190_0, 0, 1;
    %wait E_0x5b48c7130c50;
    %pushi/vec4 1, 0, 1;
    %store/vec4 v0x5b48c715fe50_0, 0, 1;
    %wait E_0x5b48c7130c50;
T_6.0 ;
    %load/vec4 v0x5b48c715fff0_0;
    %cmpi/e 0, 0, 1;
    %jmp/0xz T_6.1, 4;
    %wait E_0x5b48c7130c50;
    %jmp T_6.0;
T_6.1 ;
    %pushi/vec4 0, 0, 1;
    %store/vec4 v0x5b48c715fe50_0, 0, 1;
    %pushi/vec4 0, 0, 1;
    %store/vec4 v0x5b48c7160190_0, 0, 1;
    %wait E_0x5b48c7130c50;
    %pushi/vec4 2, 0, 4;
    %store/vec4 v0x5b48c715fce0_0, 0, 4;
    %pushi/vec4 0, 0, 1;
    %store/vec4 v0x5b48c7160330_0, 0, 1;
    %pushi/vec4 1, 0, 1;
    %store/vec4 v0x5b48c7160190_0, 0, 1;
    %wait E_0x5b48c7130c50;
    %pushi/vec4 1, 0, 1;
    %store/vec4 v0x5b48c715fe50_0, 0, 1;
    %wait E_0x5b48c7130c50;
T_6.2 ;
    %load/vec4 v0x5b48c715fff0_0;
    %cmpi/e 0, 0, 1;
    %jmp/0xz T_6.3, 4;
    %wait E_0x5b48c7130c50;
    %jmp T_6.2;
T_6.3 ;
    %pushi/vec4 0, 0, 1;
    %store/vec4 v0x5b48c715fe50_0, 0, 1;
    %pushi/vec4 0, 0, 1;
    %store/vec4 v0x5b48c7160190_0, 0, 1;
    %delay 100, 0;
    %vpi_call 2 92 "$finish" {0 0 0};
    %end;
    .thread T_6;
    .scope S_0x5b48c713ade0;
T_7 ;
    %vpi_call 2 98 "$dumpfile", "apb_slave.vcd" {0 0 0};
    %vpi_call 2 99 "$dumpvars", 32'sb00000000000000000000000000000000, S_0x5b48c713ade0 {0 0 0};
    %end;
    .thread T_7;
# The file index is used to find the file name in the following table.
:file_names 4;
    "N/A";
    "<interactive>";
    "../tb/slave_interface_tb.v";
    "../rtl/slave_interface.v";
