#! /usr/bin/vvp
:ivl_version "11.0 (stable)";
:ivl_delay_selection "TYPICAL";
:vpi_time_precision - 12;
:vpi_module "/usr/lib/x86_64-linux-gnu/ivl/system.vpi";
:vpi_module "/usr/lib/x86_64-linux-gnu/ivl/vhdl_sys.vpi";
:vpi_module "/usr/lib/x86_64-linux-gnu/ivl/vhdl_textio.vpi";
:vpi_module "/usr/lib/x86_64-linux-gnu/ivl/v2005_math.vpi";
:vpi_module "/usr/lib/x86_64-linux-gnu/ivl/va_math.vpi";
S_0x5b14ab08eee0 .scope module, "gpio_register_tb" "gpio_register_tb" 2 3;
 .timescale -9 -12;
v0x5b14ab0aec50_0 .var "aux_i", 31 0;
v0x5b14ab0aed30_0 .var "gpio_addr", 31 0;
v0x5b14ab0aedd0_0 .var "gpio_dat_i", 31 0;
v0x5b14ab0aee70_0 .net "gpio_dat_o", 31 0, v0x5b14ab0ad620_0;  1 drivers
v0x5b14ab0aef10_0 .var "gpio_eclk", 0 0;
v0x5b14ab0aefb0_0 .net "gpio_inta_o", 0 0, L_0x5b14ab0afbd0;  1 drivers
v0x5b14ab0af050_0 .var "gpio_we", 0 0;
v0x5b14ab0af0f0_0 .var "in_pad_i", 31 0;
v0x5b14ab0af1c0_0 .net "oen_padoe_o", 31 0, L_0x5b14ab0afdb0;  1 drivers
v0x5b14ab0af290_0 .net "out_pad_o", 31 0, L_0x5b14ab0b0130;  1 drivers
v0x5b14ab0af360_0 .var "sys_clk", 0 0;
v0x5b14ab0af430_0 .var "sys_rst", 0 0;
E_0x5b14ab071990 .event negedge, v0x5b14ab0ae950_0;
S_0x5b14ab082740 .scope module, "DUT" "gpio_register" 2 19, 3 1 0, S_0x5b14ab08eee0;
 .timescale 0 0;
    .port_info 0 /INPUT 1 "sys_clk";
    .port_info 1 /INPUT 1 "sys_rst";
    .port_info 2 /INPUT 1 "gpio_we";
    .port_info 3 /INPUT 32 "gpio_addr";
    .port_info 4 /INPUT 32 "gpio_dat_i";
    .port_info 5 /OUTPUT 32 "gpio_dat_o";
    .port_info 6 /OUTPUT 1 "gpio_inta_o";
    .port_info 7 /INPUT 32 "aux_i";
    .port_info 8 /INPUT 32 "in_pad_i";
    .port_info 9 /INPUT 1 "gpio_eclk";
    .port_info 10 /OUTPUT 32 "out_pad_o";
    .port_info 11 /OUTPUT 32 "oen_padoe_o";
P_0x5b14ab08f6a0 .param/l "addr_rgpio_aux" 0 3 21, C4<00000000000000000000000000010100>;
P_0x5b14ab08f6e0 .param/l "addr_rgpio_ctrl" 0 3 22, C4<00000000000000000000000000011000>;
P_0x5b14ab08f720 .param/l "addr_rgpio_ctrl_inte" 0 3 27, +C4<00000000000000000000000000000000>;
P_0x5b14ab08f760 .param/l "addr_rgpio_ctrl_ints" 0 3 28, +C4<00000000000000000000000000000001>;
P_0x5b14ab08f7a0 .param/l "addr_rgpio_eclk" 0 3 24, C4<00000000000000000000000000100000>;
P_0x5b14ab08f7e0 .param/l "addr_rgpio_in" 0 3 16, C4<00000000000000000000000000000000>;
P_0x5b14ab08f820 .param/l "addr_rgpio_inte" 0 3 19, C4<00000000000000000000000000001100>;
P_0x5b14ab08f860 .param/l "addr_rgpio_ints" 0 3 23, C4<00000000000000000000000000011100>;
P_0x5b14ab08f8a0 .param/l "addr_rgpio_nec" 0 3 25, C4<00000000000000000000000000100100>;
P_0x5b14ab08f8e0 .param/l "addr_rgpio_oe" 0 3 18, C4<00000000000000000000000000001000>;
P_0x5b14ab08f920 .param/l "addr_rgpio_out" 0 3 17, C4<00000000000000000000000000000100>;
P_0x5b14ab08f960 .param/l "addr_rgpio_ptrig" 0 3 20, C4<00000000000000000000000000010000>;
L_0x5b14ab0671c0 .functor AND 32, v0x5b14ab0ae040_0, L_0x5b14ab0af880, C4<11111111111111111111111111111111>, C4<11111111111111111111111111111111>;
L_0x5b14ab068740 .functor NOT 32, v0x5b14ab0ae040_0, C4<00000000000000000000000000000000>, C4<00000000000000000000000000000000>, C4<00000000000000000000000000000000>;
L_0x5b14ab069200 .functor AND 32, L_0x5b14ab068740, v0x5b14ab0af0f0_0, C4<11111111111111111111111111111111>, C4<11111111111111111111111111111111>;
L_0x5b14ab0697e0 .functor OR 32, L_0x5b14ab0671c0, L_0x5b14ab069200, C4<00000000000000000000000000000000>, C4<00000000000000000000000000000000>;
L_0x5b14ab06c7e0 .functor NOT 32, v0x5b14ab0ae5d0_0, C4<00000000000000000000000000000000>, C4<00000000000000000000000000000000>, C4<00000000000000000000000000000000>;
L_0x5b14ab06faa0 .functor AND 32, L_0x5b14ab06c7e0, v0x5b14ab0adda0_0, C4<11111111111111111111111111111111>, C4<11111111111111111111111111111111>;
L_0x5b14ab0af7c0 .functor AND 32, v0x5b14ab0ae5d0_0, v0x5b14ab0adb00_0, C4<11111111111111111111111111111111>, C4<11111111111111111111111111111111>;
L_0x5b14ab0af880 .functor OR 32, L_0x5b14ab06faa0, L_0x5b14ab0af7c0, C4<00000000000000000000000000000000>, C4<00000000000000000000000000000000>;
L_0x5b14ab0afdb0 .functor BUFZ 32, v0x5b14ab0ae6b0_0, C4<00000000000000000000000000000000>, C4<00000000000000000000000000000000>, C4<00000000000000000000000000000000>;
L_0x5b14ab0afe70 .functor NOT 32, v0x5b14ab0ade80_0, C4<00000000000000000000000000000000>, C4<00000000000000000000000000000000>, C4<00000000000000000000000000000000>;
L_0x5b14ab0aff40 .functor AND 32, v0x5b14ab0ae790_0, L_0x5b14ab0afe70, C4<11111111111111111111111111111111>, C4<11111111111111111111111111111111>;
L_0x5b14ab0affb0 .functor AND 32, v0x5b14ab0aec50_0, v0x5b14ab0ade80_0, C4<11111111111111111111111111111111>, C4<11111111111111111111111111111111>;
L_0x5b14ab0b0130 .functor OR 32, L_0x5b14ab0aff40, L_0x5b14ab0affb0, C4<00000000000000000000000000000000>, C4<00000000000000000000000000000000>;
v0x5b14ab068900_0 .net *"_ivl_0", 31 0, L_0x5b14ab0671c0;  1 drivers
v0x5b14ab069320_0 .net *"_ivl_10", 31 0, L_0x5b14ab06faa0;  1 drivers
v0x5b14ab0693c0_0 .net *"_ivl_12", 31 0, L_0x5b14ab0af7c0;  1 drivers
v0x5b14ab069900_0 .net *"_ivl_17", 0 0, L_0x5b14ab0afa30;  1 drivers
v0x5b14ab0699a0_0 .net *"_ivl_19", 0 0, L_0x5b14ab0afad0;  1 drivers
v0x5b14ab06c900_0 .net *"_ivl_2", 31 0, L_0x5b14ab068740;  1 drivers
L_0x7a25773b7018 .functor BUFT 1, C4<0>, C4<0>, C4<0>, C4<0>;
v0x5b14ab08a5e0_0 .net/2u *"_ivl_20", 0 0, L_0x7a25773b7018;  1 drivers
v0x5b14ab0acd60_0 .net *"_ivl_26", 31 0, L_0x5b14ab0afe70;  1 drivers
v0x5b14ab0ace40_0 .net *"_ivl_28", 31 0, L_0x5b14ab0aff40;  1 drivers
v0x5b14ab0acf20_0 .net *"_ivl_30", 31 0, L_0x5b14ab0affb0;  1 drivers
v0x5b14ab0ad000_0 .net *"_ivl_4", 31 0, L_0x5b14ab069200;  1 drivers
v0x5b14ab0ad0e0_0 .net *"_ivl_8", 31 0, L_0x5b14ab06c7e0;  1 drivers
v0x5b14ab0ad1c0_0 .net "aux_i", 31 0, v0x5b14ab0aec50_0;  1 drivers
v0x5b14ab0ad2a0_0 .var "dat_reg", 31 0;
v0x5b14ab0ad380_0 .net "extclk_in", 31 0, L_0x5b14ab0af880;  1 drivers
v0x5b14ab0ad460_0 .net "gpio_addr", 31 0, v0x5b14ab0aed30_0;  1 drivers
v0x5b14ab0ad540_0 .net "gpio_dat_i", 31 0, v0x5b14ab0aedd0_0;  1 drivers
v0x5b14ab0ad620_0 .var "gpio_dat_o", 31 0;
v0x5b14ab0ad700_0 .net "gpio_eclk", 0 0, v0x5b14ab0aef10_0;  1 drivers
v0x5b14ab0ad7c0_0 .net "gpio_inta_o", 0 0, L_0x5b14ab0afbd0;  alias, 1 drivers
v0x5b14ab0ad880_0 .net "gpio_we", 0 0, v0x5b14ab0af050_0;  1 drivers
v0x5b14ab0ad940_0 .net "in_pad_i", 31 0, v0x5b14ab0af0f0_0;  1 drivers
v0x5b14ab0ada20_0 .net "muxed_in", 31 0, L_0x5b14ab0697e0;  1 drivers
v0x5b14ab0adb00_0 .var "nextc_sampled", 31 0;
v0x5b14ab0adbe0_0 .net "oen_padoe_o", 31 0, L_0x5b14ab0afdb0;  alias, 1 drivers
v0x5b14ab0adcc0_0 .net "out_pad_o", 31 0, L_0x5b14ab0b0130;  alias, 1 drivers
v0x5b14ab0adda0_0 .var "pextc_sampled", 31 0;
v0x5b14ab0ade80_0 .var "rgpio_aux", 31 0;
v0x5b14ab0adf60_0 .var "rgpio_ctrl", 1 0;
v0x5b14ab0ae040_0 .var "rgpio_eclk", 31 0;
v0x5b14ab0ae120_0 .var "rgpio_in", 31 0;
v0x5b14ab0ae200_0 .var "rgpio_inte", 31 0;
v0x5b14ab0ae2e0_0 .var "rgpio_ints", 31 0;
v0x5b14ab0ae5d0_0 .var "rgpio_nec", 31 0;
v0x5b14ab0ae6b0_0 .var "rgpio_oe", 31 0;
v0x5b14ab0ae790_0 .var "rgpio_out", 31 0;
v0x5b14ab0ae870_0 .var "rgpio_ptrig", 31 0;
v0x5b14ab0ae950_0 .net "sys_clk", 0 0, v0x5b14ab0af360_0;  1 drivers
v0x5b14ab0aea10_0 .net "sys_rst", 0 0, v0x5b14ab0af430_0;  1 drivers
E_0x5b14ab0351f0 .event posedge, v0x5b14ab0aea10_0, v0x5b14ab0ae950_0;
E_0x5b14ab035480/0 .event edge, v0x5b14ab0ad460_0, v0x5b14ab0ae790_0, v0x5b14ab0ae6b0_0, v0x5b14ab0ae200_0;
E_0x5b14ab035480/1 .event edge, v0x5b14ab0ae870_0, v0x5b14ab0ae5d0_0, v0x5b14ab0ae040_0, v0x5b14ab0ade80_0;
E_0x5b14ab035480/2 .event edge, v0x5b14ab0adf60_0, v0x5b14ab0ae2e0_0, v0x5b14ab0ae120_0;
E_0x5b14ab035480 .event/or E_0x5b14ab035480/0, E_0x5b14ab035480/1, E_0x5b14ab035480/2;
E_0x5b14ab0589b0/0 .event negedge, v0x5b14ab0ad700_0;
E_0x5b14ab0589b0/1 .event posedge, v0x5b14ab0aea10_0;
E_0x5b14ab0589b0 .event/or E_0x5b14ab0589b0/0, E_0x5b14ab0589b0/1;
E_0x5b14ab08f2e0 .event posedge, v0x5b14ab0aea10_0, v0x5b14ab0ad700_0;
L_0x5b14ab0afa30 .reduce/or v0x5b14ab0ae2e0_0;
L_0x5b14ab0afad0 .part v0x5b14ab0adf60_0, 0, 1;
L_0x5b14ab0afbd0 .functor MUXZ 1, L_0x7a25773b7018, L_0x5b14ab0afad0, L_0x5b14ab0afa30, C4<>;
    .scope S_0x5b14ab082740;
T_0 ;
    %wait E_0x5b14ab0351f0;
    %load/vec4 v0x5b14ab0aea10_0;
    %cmpi/e 1, 0, 1;
    %jmp/0xz  T_0.0, 4;
    %pushi/vec4 0, 0, 2;
    %assign/vec4 v0x5b14ab0adf60_0, 0;
    %jmp T_0.1;
T_0.0 ;
    %load/vec4 v0x5b14ab0ad460_0;
    %pushi/vec4 24, 0, 32;
    %cmp/e;
    %flag_get/vec4 4;
    %load/vec4 v0x5b14ab0ad880_0;
    %pushi/vec4 1, 0, 1;
    %cmp/e;
    %flag_get/vec4 4;
    %and;
    %flag_set/vec4 8;
    %jmp/0xz  T_0.2, 8;
    %load/vec4 v0x5b14ab0ad540_0;
    %parti/s 2, 0, 2;
    %assign/vec4 v0x5b14ab0adf60_0, 0;
    %jmp T_0.3;
T_0.2 ;
    %load/vec4 v0x5b14ab0adf60_0;
    %parti/s 1, 0, 2;
    %cmpi/e 1, 0, 1;
    %jmp/0xz  T_0.4, 4;
    %load/vec4 v0x5b14ab0adf60_0;
    %parti/s 1, 1, 2;
    %load/vec4 v0x5b14ab0ad7c0_0;
    %or;
    %ix/load 4, 1, 0;
    %ix/load 5, 0, 0;
    %flag_set/imm 4, 0;
    %assign/vec4/off/d v0x5b14ab0adf60_0, 4, 5;
T_0.4 ;
T_0.3 ;
T_0.1 ;
    %jmp T_0;
    .thread T_0;
    .scope S_0x5b14ab082740;
T_1 ;
    %wait E_0x5b14ab0351f0;
    %load/vec4 v0x5b14ab0aea10_0;
    %cmpi/e 1, 0, 1;
    %jmp/0xz  T_1.0, 4;
    %pushi/vec4 0, 0, 32;
    %assign/vec4 v0x5b14ab0ae790_0, 0;
    %jmp T_1.1;
T_1.0 ;
    %load/vec4 v0x5b14ab0ad460_0;
    %pushi/vec4 4, 0, 32;
    %cmp/e;
    %flag_get/vec4 4;
    %load/vec4 v0x5b14ab0ad880_0;
    %pushi/vec4 1, 0, 1;
    %cmp/e;
    %flag_get/vec4 4;
    %and;
    %flag_set/vec4 8;
    %jmp/0xz  T_1.2, 8;
    %load/vec4 v0x5b14ab0ad540_0;
    %assign/vec4 v0x5b14ab0ae790_0, 0;
    %jmp T_1.3;
T_1.2 ;
    %load/vec4 v0x5b14ab0ae790_0;
    %assign/vec4 v0x5b14ab0ae790_0, 0;
T_1.3 ;
T_1.1 ;
    %jmp T_1;
    .thread T_1;
    .scope S_0x5b14ab082740;
T_2 ;
    %wait E_0x5b14ab0351f0;
    %load/vec4 v0x5b14ab0aea10_0;
    %cmpi/e 1, 0, 1;
    %jmp/0xz  T_2.0, 4;
    %pushi/vec4 0, 0, 32;
    %assign/vec4 v0x5b14ab0ae6b0_0, 0;
    %jmp T_2.1;
T_2.0 ;
    %load/vec4 v0x5b14ab0ad460_0;
    %pushi/vec4 8, 0, 32;
    %cmp/e;
    %flag_get/vec4 4;
    %load/vec4 v0x5b14ab0ad880_0;
    %pushi/vec4 1, 0, 1;
    %cmp/e;
    %flag_get/vec4 4;
    %and;
    %flag_set/vec4 8;
    %jmp/0xz  T_2.2, 8;
    %load/vec4 v0x5b14ab0ad540_0;
    %assign/vec4 v0x5b14ab0ae6b0_0, 0;
    %jmp T_2.3;
T_2.2 ;
    %load/vec4 v0x5b14ab0ae6b0_0;
    %assign/vec4 v0x5b14ab0ae6b0_0, 0;
T_2.3 ;
T_2.1 ;
    %jmp T_2;
    .thread T_2;
    .scope S_0x5b14ab082740;
T_3 ;
    %wait E_0x5b14ab0351f0;
    %load/vec4 v0x5b14ab0aea10_0;
    %cmpi/e 1, 0, 1;
    %jmp/0xz  T_3.0, 4;
    %pushi/vec4 0, 0, 32;
    %assign/vec4 v0x5b14ab0ae200_0, 0;
    %jmp T_3.1;
T_3.0 ;
    %load/vec4 v0x5b14ab0ad460_0;
    %pushi/vec4 12, 0, 32;
    %cmp/e;
    %flag_get/vec4 4;
    %load/vec4 v0x5b14ab0ad880_0;
    %pushi/vec4 1, 0, 1;
    %cmp/e;
    %flag_get/vec4 4;
    %and;
    %flag_set/vec4 8;
    %jmp/0xz  T_3.2, 8;
    %load/vec4 v0x5b14ab0ad540_0;
    %assign/vec4 v0x5b14ab0ae200_0, 0;
    %jmp T_3.3;
T_3.2 ;
    %load/vec4 v0x5b14ab0ae200_0;
    %assign/vec4 v0x5b14ab0ae200_0, 0;
T_3.3 ;
T_3.1 ;
    %jmp T_3;
    .thread T_3;
    .scope S_0x5b14ab082740;
T_4 ;
    %wait E_0x5b14ab0351f0;
    %load/vec4 v0x5b14ab0aea10_0;
    %cmpi/e 1, 0, 1;
    %jmp/0xz  T_4.0, 4;
    %pushi/vec4 0, 0, 32;
    %assign/vec4 v0x5b14ab0ae870_0, 0;
    %jmp T_4.1;
T_4.0 ;
    %load/vec4 v0x5b14ab0ad460_0;
    %pushi/vec4 16, 0, 32;
    %cmp/e;
    %flag_get/vec4 4;
    %load/vec4 v0x5b14ab0ad880_0;
    %pushi/vec4 1, 0, 1;
    %cmp/e;
    %flag_get/vec4 4;
    %and;
    %flag_set/vec4 8;
    %jmp/0xz  T_4.2, 8;
    %load/vec4 v0x5b14ab0ad540_0;
    %assign/vec4 v0x5b14ab0ae870_0, 0;
    %jmp T_4.3;
T_4.2 ;
    %load/vec4 v0x5b14ab0ae870_0;
    %assign/vec4 v0x5b14ab0ae870_0, 0;
T_4.3 ;
T_4.1 ;
    %jmp T_4;
    .thread T_4;
    .scope S_0x5b14ab082740;
T_5 ;
    %wait E_0x5b14ab0351f0;
    %load/vec4 v0x5b14ab0aea10_0;
    %cmpi/e 1, 0, 1;
    %jmp/0xz  T_5.0, 4;
    %pushi/vec4 0, 0, 32;
    %assign/vec4 v0x5b14ab0ade80_0, 0;
    %jmp T_5.1;
T_5.0 ;
    %load/vec4 v0x5b14ab0ad460_0;
    %pushi/vec4 20, 0, 32;
    %cmp/e;
    %flag_get/vec4 4;
    %load/vec4 v0x5b14ab0ad880_0;
    %pushi/vec4 1, 0, 1;
    %cmp/e;
    %flag_get/vec4 4;
    %and;
    %flag_set/vec4 8;
    %jmp/0xz  T_5.2, 8;
    %load/vec4 v0x5b14ab0ad540_0;
    %assign/vec4 v0x5b14ab0ade80_0, 0;
    %jmp T_5.3;
T_5.2 ;
    %load/vec4 v0x5b14ab0ade80_0;
    %assign/vec4 v0x5b14ab0ade80_0, 0;
T_5.3 ;
T_5.1 ;
    %jmp T_5;
    .thread T_5;
    .scope S_0x5b14ab082740;
T_6 ;
    %wait E_0x5b14ab0351f0;
    %load/vec4 v0x5b14ab0aea10_0;
    %cmpi/e 1, 0, 1;
    %jmp/0xz  T_6.0, 4;
    %pushi/vec4 0, 0, 32;
    %assign/vec4 v0x5b14ab0ae040_0, 0;
    %jmp T_6.1;
T_6.0 ;
    %load/vec4 v0x5b14ab0ad460_0;
    %pushi/vec4 32, 0, 32;
    %cmp/e;
    %flag_get/vec4 4;
    %load/vec4 v0x5b14ab0ad880_0;
    %pushi/vec4 1, 0, 1;
    %cmp/e;
    %flag_get/vec4 4;
    %and;
    %flag_set/vec4 8;
    %jmp/0xz  T_6.2, 8;
    %load/vec4 v0x5b14ab0ad540_0;
    %assign/vec4 v0x5b14ab0ae040_0, 0;
    %jmp T_6.3;
T_6.2 ;
    %load/vec4 v0x5b14ab0ae040_0;
    %assign/vec4 v0x5b14ab0ae040_0, 0;
T_6.3 ;
T_6.1 ;
    %jmp T_6;
    .thread T_6;
    .scope S_0x5b14ab082740;
T_7 ;
    %wait E_0x5b14ab0351f0;
    %load/vec4 v0x5b14ab0aea10_0;
    %cmpi/e 1, 0, 1;
    %jmp/0xz  T_7.0, 4;
    %pushi/vec4 0, 0, 32;
    %assign/vec4 v0x5b14ab0ae5d0_0, 0;
    %jmp T_7.1;
T_7.0 ;
    %load/vec4 v0x5b14ab0ad460_0;
    %pushi/vec4 36, 0, 32;
    %cmp/e;
    %flag_get/vec4 4;
    %load/vec4 v0x5b14ab0ad880_0;
    %pushi/vec4 1, 0, 1;
    %cmp/e;
    %flag_get/vec4 4;
    %and;
    %flag_set/vec4 8;
    %jmp/0xz  T_7.2, 8;
    %load/vec4 v0x5b14ab0ad540_0;
    %assign/vec4 v0x5b14ab0ae5d0_0, 0;
    %jmp T_7.3;
T_7.2 ;
    %load/vec4 v0x5b14ab0ae5d0_0;
    %assign/vec4 v0x5b14ab0ae5d0_0, 0;
T_7.3 ;
T_7.1 ;
    %jmp T_7;
    .thread T_7;
    .scope S_0x5b14ab082740;
T_8 ;
    %wait E_0x5b14ab0351f0;
    %load/vec4 v0x5b14ab0aea10_0;
    %cmpi/e 1, 0, 1;
    %jmp/0xz  T_8.0, 4;
    %pushi/vec4 0, 0, 32;
    %assign/vec4 v0x5b14ab0ae120_0, 0;
    %jmp T_8.1;
T_8.0 ;
    %load/vec4 v0x5b14ab0ada20_0;
    %assign/vec4 v0x5b14ab0ae120_0, 0;
T_8.1 ;
    %jmp T_8;
    .thread T_8;
    .scope S_0x5b14ab082740;
T_9 ;
    %wait E_0x5b14ab08f2e0;
    %load/vec4 v0x5b14ab0aea10_0;
    %cmpi/e 1, 0, 1;
    %jmp/0xz  T_9.0, 4;
    %pushi/vec4 0, 0, 32;
    %assign/vec4 v0x5b14ab0adda0_0, 0;
    %jmp T_9.1;
T_9.0 ;
    %load/vec4 v0x5b14ab0ad940_0;
    %assign/vec4 v0x5b14ab0adda0_0, 0;
T_9.1 ;
    %jmp T_9;
    .thread T_9;
    .scope S_0x5b14ab082740;
T_10 ;
    %wait E_0x5b14ab0589b0;
    %load/vec4 v0x5b14ab0aea10_0;
    %cmpi/e 1, 0, 1;
    %jmp/0xz  T_10.0, 4;
    %pushi/vec4 0, 0, 32;
    %assign/vec4 v0x5b14ab0adb00_0, 0;
    %jmp T_10.1;
T_10.0 ;
    %load/vec4 v0x5b14ab0ad940_0;
    %assign/vec4 v0x5b14ab0adb00_0, 0;
T_10.1 ;
    %jmp T_10;
    .thread T_10;
    .scope S_0x5b14ab082740;
T_11 ;
    %wait E_0x5b14ab035480;
    %load/vec4 v0x5b14ab0ad460_0;
    %dup/vec4;
    %pushi/vec4 4, 0, 32;
    %cmp/u;
    %jmp/1 T_11.0, 6;
    %dup/vec4;
    %pushi/vec4 8, 0, 32;
    %cmp/u;
    %jmp/1 T_11.1, 6;
    %dup/vec4;
    %pushi/vec4 12, 0, 32;
    %cmp/u;
    %jmp/1 T_11.2, 6;
    %dup/vec4;
    %pushi/vec4 16, 0, 32;
    %cmp/u;
    %jmp/1 T_11.3, 6;
    %dup/vec4;
    %pushi/vec4 36, 0, 32;
    %cmp/u;
    %jmp/1 T_11.4, 6;
    %dup/vec4;
    %pushi/vec4 32, 0, 32;
    %cmp/u;
    %jmp/1 T_11.5, 6;
    %dup/vec4;
    %pushi/vec4 20, 0, 32;
    %cmp/u;
    %jmp/1 T_11.6, 6;
    %dup/vec4;
    %pushi/vec4 24, 0, 32;
    %cmp/u;
    %jmp/1 T_11.7, 6;
    %dup/vec4;
    %pushi/vec4 28, 0, 32;
    %cmp/u;
    %jmp/1 T_11.8, 6;
    %load/vec4 v0x5b14ab0ae120_0;
    %store/vec4 v0x5b14ab0ad2a0_0, 0, 32;
    %jmp T_11.10;
T_11.0 ;
    %load/vec4 v0x5b14ab0ae790_0;
    %store/vec4 v0x5b14ab0ad2a0_0, 0, 32;
    %jmp T_11.10;
T_11.1 ;
    %load/vec4 v0x5b14ab0ae6b0_0;
    %store/vec4 v0x5b14ab0ad2a0_0, 0, 32;
    %jmp T_11.10;
T_11.2 ;
    %load/vec4 v0x5b14ab0ae200_0;
    %store/vec4 v0x5b14ab0ad2a0_0, 0, 32;
    %jmp T_11.10;
T_11.3 ;
    %load/vec4 v0x5b14ab0ae870_0;
    %store/vec4 v0x5b14ab0ad2a0_0, 0, 32;
    %jmp T_11.10;
T_11.4 ;
    %load/vec4 v0x5b14ab0ae5d0_0;
    %store/vec4 v0x5b14ab0ad2a0_0, 0, 32;
    %jmp T_11.10;
T_11.5 ;
    %load/vec4 v0x5b14ab0ae040_0;
    %store/vec4 v0x5b14ab0ad2a0_0, 0, 32;
    %jmp T_11.10;
T_11.6 ;
    %load/vec4 v0x5b14ab0ade80_0;
    %store/vec4 v0x5b14ab0ad2a0_0, 0, 32;
    %jmp T_11.10;
T_11.7 ;
    %load/vec4 v0x5b14ab0adf60_0;
    %ix/load 4, 0, 0;
    %flag_set/imm 4, 0;
    %store/vec4 v0x5b14ab0ad2a0_0, 4, 2;
    %pushi/vec4 0, 0, 30;
    %ix/load 4, 2, 0;
    %flag_set/imm 4, 0;
    %store/vec4 v0x5b14ab0ad2a0_0, 4, 30;
    %jmp T_11.10;
T_11.8 ;
    %load/vec4 v0x5b14ab0ae2e0_0;
    %store/vec4 v0x5b14ab0ad2a0_0, 0, 32;
    %jmp T_11.10;
T_11.10 ;
    %pop/vec4 1;
    %jmp T_11;
    .thread T_11, $push;
    .scope S_0x5b14ab082740;
T_12 ;
    %wait E_0x5b14ab0351f0;
    %load/vec4 v0x5b14ab0aea10_0;
    %cmpi/e 1, 0, 1;
    %jmp/0xz  T_12.0, 4;
    %pushi/vec4 0, 0, 32;
    %assign/vec4 v0x5b14ab0ad620_0, 0;
    %jmp T_12.1;
T_12.0 ;
    %load/vec4 v0x5b14ab0ad2a0_0;
    %assign/vec4 v0x5b14ab0ad620_0, 0;
T_12.1 ;
    %jmp T_12;
    .thread T_12;
    .scope S_0x5b14ab082740;
T_13 ;
    %wait E_0x5b14ab0351f0;
    %load/vec4 v0x5b14ab0aea10_0;
    %cmpi/e 1, 0, 1;
    %jmp/0xz  T_13.0, 4;
    %pushi/vec4 0, 0, 32;
    %assign/vec4 v0x5b14ab0ae2e0_0, 0;
    %jmp T_13.1;
T_13.0 ;
    %load/vec4 v0x5b14ab0ad460_0;
    %pushi/vec4 28, 0, 32;
    %cmp/e;
    %flag_get/vec4 4;
    %load/vec4 v0x5b14ab0ad880_0;
    %pushi/vec4 1, 0, 1;
    %cmp/e;
    %flag_get/vec4 4;
    %and;
    %flag_set/vec4 8;
    %jmp/0xz  T_13.2, 8;
    %load/vec4 v0x5b14ab0ad540_0;
    %assign/vec4 v0x5b14ab0ae2e0_0, 0;
    %jmp T_13.3;
T_13.2 ;
    %load/vec4 v0x5b14ab0adf60_0;
    %parti/s 1, 0, 2;
    %cmpi/e 1, 0, 1;
    %jmp/0xz  T_13.4, 4;
    %load/vec4 v0x5b14ab0ae2e0_0;
    %load/vec4 v0x5b14ab0ada20_0;
    %load/vec4 v0x5b14ab0ae120_0;
    %xor;
    %load/vec4 v0x5b14ab0ada20_0;
    %load/vec4 v0x5b14ab0ae870_0;
    %xor;
    %inv;
    %and;
    %load/vec4 v0x5b14ab0ae200_0;
    %and;
    %or;
    %assign/vec4 v0x5b14ab0ae2e0_0, 0;
T_13.4 ;
T_13.3 ;
T_13.1 ;
    %jmp T_13;
    .thread T_13;
    .scope S_0x5b14ab08eee0;
T_14 ;
    %pushi/vec4 0, 0, 1;
    %store/vec4 v0x5b14ab0af360_0, 0, 1;
    %end;
    .thread T_14;
    .scope S_0x5b14ab08eee0;
T_15 ;
    %delay 5000, 0;
    %load/vec4 v0x5b14ab0af360_0;
    %inv;
    %store/vec4 v0x5b14ab0af360_0, 0, 1;
    %jmp T_15;
    .thread T_15;
    .scope S_0x5b14ab08eee0;
T_16 ;
    %pushi/vec4 0, 0, 1;
    %store/vec4 v0x5b14ab0aef10_0, 0, 1;
    %end;
    .thread T_16;
    .scope S_0x5b14ab08eee0;
T_17 ;
    %delay 20000, 0;
    %load/vec4 v0x5b14ab0aef10_0;
    %inv;
    %store/vec4 v0x5b14ab0aef10_0, 0, 1;
    %jmp T_17;
    .thread T_17;
    .scope S_0x5b14ab08eee0;
T_18 ;
    %pushi/vec4 1, 0, 1;
    %store/vec4 v0x5b14ab0af430_0, 0, 1;
    %pushi/vec4 0, 0, 1;
    %store/vec4 v0x5b14ab0af050_0, 0, 1;
    %pushi/vec4 0, 0, 32;
    %store/vec4 v0x5b14ab0aed30_0, 0, 32;
    %pushi/vec4 0, 0, 32;
    %store/vec4 v0x5b14ab0aedd0_0, 0, 32;
    %pushi/vec4 0, 0, 32;
    %store/vec4 v0x5b14ab0aec50_0, 0, 32;
    %pushi/vec4 2880154539, 0, 32;
    %store/vec4 v0x5b14ab0af0f0_0, 0, 32;
    %pushi/vec4 0, 0, 1;
    %store/vec4 v0x5b14ab0aef10_0, 0, 1;
    %delay 15000, 0;
    %pushi/vec4 0, 0, 1;
    %store/vec4 v0x5b14ab0af430_0, 0, 1;
    %wait E_0x5b14ab071990;
    %pushi/vec4 8, 0, 32;
    %store/vec4 v0x5b14ab0aed30_0, 0, 32;
    %pushi/vec4 4294967295, 0, 32;
    %store/vec4 v0x5b14ab0aedd0_0, 0, 32;
    %pushi/vec4 1, 0, 1;
    %store/vec4 v0x5b14ab0af050_0, 0, 1;
    %wait E_0x5b14ab071990;
    %pushi/vec4 4, 0, 32;
    %store/vec4 v0x5b14ab0aed30_0, 0, 32;
    %pushi/vec4 305419896, 0, 32;
    %store/vec4 v0x5b14ab0aedd0_0, 0, 32;
    %wait E_0x5b14ab071990;
    %pushi/vec4 4, 0, 32;
    %store/vec4 v0x5b14ab0aed30_0, 0, 32;
    %pushi/vec4 0, 0, 1;
    %store/vec4 v0x5b14ab0af050_0, 0, 1;
    %wait E_0x5b14ab071990;
    %wait E_0x5b14ab071990;
    %pushi/vec4 153, 0, 32;
    %store/vec4 v0x5b14ab0aed30_0, 0, 32;
    %wait E_0x5b14ab071990;
    %wait E_0x5b14ab071990;
    %pushi/vec4 2863315899, 0, 32;
    %store/vec4 v0x5b14ab0aec50_0, 0, 32;
    %pushi/vec4 20, 0, 32;
    %store/vec4 v0x5b14ab0aed30_0, 0, 32;
    %pushi/vec4 4294967295, 0, 32;
    %store/vec4 v0x5b14ab0aedd0_0, 0, 32;
    %pushi/vec4 1, 0, 1;
    %store/vec4 v0x5b14ab0af050_0, 0, 1;
    %wait E_0x5b14ab071990;
    %pushi/vec4 0, 0, 1;
    %store/vec4 v0x5b14ab0af050_0, 0, 1;
    %delay 40000, 0;
    %vpi_call 2 91 "$finish" {0 0 0};
    %end;
    .thread T_18;
    .scope S_0x5b14ab08eee0;
T_19 ;
    %vpi_call 2 96 "$dumpfile", "gpio_sim.vcd" {0 0 0};
    %vpi_call 2 97 "$dumpvars", 32'sb00000000000000000000000000000000, S_0x5b14ab08eee0 {0 0 0};
    %end;
    .thread T_19;
# The file index is used to find the file name in the following table.
:file_names 4;
    "N/A";
    "<interactive>";
    "../tb/gpio_register_tb.v";
    "../rtl/gpio_register.v";
