#! /usr/bin/vvp
:ivl_version "11.0 (stable)";
:ivl_delay_selection "TYPICAL";
:vpi_time_precision - 12;
:vpi_module "/usr/lib/x86_64-linux-gnu/ivl/system.vpi";
:vpi_module "/usr/lib/x86_64-linux-gnu/ivl/vhdl_sys.vpi";
:vpi_module "/usr/lib/x86_64-linux-gnu/ivl/vhdl_textio.vpi";
:vpi_module "/usr/lib/x86_64-linux-gnu/ivl/v2005_math.vpi";
:vpi_module "/usr/lib/x86_64-linux-gnu/ivl/va_math.vpi";
S_0x59b7ae5f1b60 .scope module, "aux_interface_tb" "aux_interface_tb" 2 3;
 .timescale -9 -12;
v0x59b7ae5dee70_0 .net "aux_i", 31 0, v0x59b7ae5b9ba0_0;  1 drivers
v0x59b7ae605650_0 .var "aux_in", 31 0;
v0x59b7ae6056f0_0 .var "clk", 0 0;
v0x59b7ae6057c0_0 .var "rst", 0 0;
E_0x59b7ae5f0e20 .event negedge, v0x59b7ae5de8c0_0;
S_0x59b7ae5f1cf0 .scope module, "DUT" "aux_interface" 2 8, 3 1 0, S_0x59b7ae5f1b60;
 .timescale 0 0;
    .port_info 0 /INPUT 1 "clk";
    .port_info 1 /INPUT 1 "rst";
    .port_info 2 /INPUT 32 "aux_in";
    .port_info 3 /OUTPUT 32 "aux_i";
v0x59b7ae5b9ba0_0 .var "aux_i", 31 0;
v0x59b7ae5de590_0 .net "aux_in", 31 0, v0x59b7ae605650_0;  1 drivers
v0x59b7ae5de8c0_0 .net "clk", 0 0, v0x59b7ae6056f0_0;  1 drivers
v0x59b7ae5dead0_0 .net "rst", 0 0, v0x59b7ae6057c0_0;  1 drivers
E_0x59b7ae5b81f0 .event posedge, v0x59b7ae5dead0_0, v0x59b7ae5de8c0_0;
    .scope S_0x59b7ae5f1cf0;
T_0 ;
    %wait E_0x59b7ae5b81f0;
    %load/vec4 v0x59b7ae5dead0_0;
    %cmpi/e 1, 0, 1;
    %jmp/0xz  T_0.0, 4;
    %pushi/vec4 0, 0, 32;
    %assign/vec4 v0x59b7ae5b9ba0_0, 0;
    %jmp T_0.1;
T_0.0 ;
    %load/vec4 v0x59b7ae5de590_0;
    %assign/vec4 v0x59b7ae5b9ba0_0, 0;
T_0.1 ;
    %jmp T_0;
    .thread T_0;
    .scope S_0x59b7ae5f1b60;
T_1 ;
    %pushi/vec4 0, 0, 1;
    %store/vec4 v0x59b7ae6056f0_0, 0, 1;
    %end;
    .thread T_1;
    .scope S_0x59b7ae5f1b60;
T_2 ;
    %delay 5000, 0;
    %load/vec4 v0x59b7ae6056f0_0;
    %inv;
    %store/vec4 v0x59b7ae6056f0_0, 0, 1;
    %jmp T_2;
    .thread T_2;
    .scope S_0x59b7ae5f1b60;
T_3 ;
    %pushi/vec4 0, 0, 1;
    %store/vec4 v0x59b7ae6057c0_0, 0, 1;
    %pushi/vec4 0, 0, 32;
    %store/vec4 v0x59b7ae605650_0, 0, 32;
    %wait E_0x59b7ae5f0e20;
    %pushi/vec4 1, 0, 1;
    %store/vec4 v0x59b7ae6057c0_0, 0, 1;
    %wait E_0x59b7ae5f0e20;
    %pushi/vec4 0, 0, 1;
    %store/vec4 v0x59b7ae6057c0_0, 0, 1;
    %wait E_0x59b7ae5f0e20;
    %wait E_0x59b7ae5f0e20;
    %pushi/vec4 2880154539, 0, 32;
    %store/vec4 v0x59b7ae605650_0, 0, 32;
    %wait E_0x59b7ae5f0e20;
    %wait E_0x59b7ae5f0e20;
    %pushi/vec4 4026466031, 0, 32;
    %store/vec4 v0x59b7ae605650_0, 0, 32;
    %delay 40000, 0;
    %vpi_call 2 35 "$finish" {0 0 0};
    %end;
    .thread T_3;
    .scope S_0x59b7ae5f1b60;
T_4 ;
    %vpi_call 2 40 "$dumpfile", "aux_sim.vcd" {0 0 0};
    %vpi_call 2 41 "$dumpvars", 32'sb00000000000000000000000000000000, S_0x59b7ae5f1b60 {0 0 0};
    %end;
    .thread T_4;
# The file index is used to find the file name in the following table.
:file_names 4;
    "N/A";
    "<interactive>";
    "../tb/aux_interface_tb.v";
    "../rtl/aux_interface.v";
