#! /usr/bin/vvp
:ivl_version "11.0 (stable)";
:ivl_delay_selection "TYPICAL";
:vpi_time_precision - 12;
:vpi_module "/usr/lib/x86_64-linux-gnu/ivl/system.vpi";
:vpi_module "/usr/lib/x86_64-linux-gnu/ivl/vhdl_sys.vpi";
:vpi_module "/usr/lib/x86_64-linux-gnu/ivl/vhdl_textio.vpi";
:vpi_module "/usr/lib/x86_64-linux-gnu/ivl/v2005_math.vpi";
:vpi_module "/usr/lib/x86_64-linux-gnu/ivl/va_math.vpi";
S_0x64f81ba6a850 .scope module, "io_interface_tb" "io_interface_tb" 2 3;
 .timescale -9 -12;
v0x64f81baf1a70_0 .var "ext_clk_pad_i", 0 0;
v0x64f81baf1b60_0 .net "gpio_eclk", 0 0, L_0x64f81baf3270;  1 drivers
v0x64f81baf1c30_0 .net "in_pad_i", 31 0, L_0x64f81bafc600;  1 drivers
RS_0x79d14deb78a8 .resolv tri, L_0x64f81bafa000, L_0x64f81bb03260;
v0x64f81baf1d30_0 .net8 "io_pad", 31 0, RS_0x79d14deb78a8;  2 drivers
v0x64f81baf1e00_0 .var "io_pad_driver", 31 0;
v0x64f81baf1ef0_0 .var "io_pad_enable", 31 0;
v0x64f81baf1fb0_0 .var "oen_padoe_o", 31 0;
v0x64f81baf2070_0 .var "out_pad_o", 31 0;
E_0x64f81ba30670 .event negedge, v0x64f81bae4470_0;
L_0x64f81baf2140 .part v0x64f81baf1ef0_0, 0, 1;
L_0x64f81baf2240 .part v0x64f81baf1e00_0, 0, 1;
L_0x64f81baf24b0 .part v0x64f81baf1ef0_0, 1, 1;
L_0x64f81baf25a0 .part v0x64f81baf1e00_0, 1, 1;
L_0x64f81baf2800 .part v0x64f81baf1ef0_0, 2, 1;
L_0x64f81baf28a0 .part v0x64f81baf1e00_0, 2, 1;
L_0x64f81baf2af0 .part v0x64f81baf1ef0_0, 3, 1;
L_0x64f81baf2b90 .part v0x64f81baf1e00_0, 3, 1;
L_0x64f81baf2e10 .part v0x64f81baf1ef0_0, 4, 1;
L_0x64f81baf2eb0 .part v0x64f81baf1e00_0, 4, 1;
L_0x64f81baf3100 .part v0x64f81baf1ef0_0, 5, 1;
L_0x64f81baf31a0 .part v0x64f81baf1e00_0, 5, 1;
L_0x64f81baf3450 .part v0x64f81baf1ef0_0, 6, 1;
L_0x64f81baf34f0 .part v0x64f81baf1e00_0, 6, 1;
L_0x64f81baf37b0 .part v0x64f81baf1ef0_0, 7, 1;
L_0x64f81baf3850 .part v0x64f81baf1e00_0, 7, 1;
L_0x64f81baf3c30 .part v0x64f81baf1ef0_0, 8, 1;
L_0x64f81baf3cd0 .part v0x64f81baf1e00_0, 8, 1;
L_0x64f81baf3fb0 .part v0x64f81baf1ef0_0, 9, 1;
L_0x64f81baf4050 .part v0x64f81baf1e00_0, 9, 1;
L_0x64f81baf42a0 .part v0x64f81baf1ef0_0, 10, 1;
L_0x64f81baf4340 .part v0x64f81baf1e00_0, 10, 1;
L_0x64f81baf4640 .part v0x64f81baf1ef0_0, 11, 1;
L_0x64f81baf46e0 .part v0x64f81baf1e00_0, 11, 1;
L_0x64f81baf49f0 .part v0x64f81baf1ef0_0, 12, 1;
L_0x64f81baf4a90 .part v0x64f81baf1e00_0, 12, 1;
L_0x64f81baf4db0 .part v0x64f81baf1ef0_0, 13, 1;
L_0x64f81baf4e50 .part v0x64f81baf1e00_0, 13, 1;
L_0x64f81baf5180 .part v0x64f81baf1ef0_0, 14, 1;
L_0x64f81baf5220 .part v0x64f81baf1e00_0, 14, 1;
L_0x64f81baf5560 .part v0x64f81baf1ef0_0, 15, 1;
L_0x64f81baf5810 .part v0x64f81baf1e00_0, 15, 1;
L_0x64f81baf5d70 .part v0x64f81baf1ef0_0, 16, 1;
L_0x64f81baf5e10 .part v0x64f81baf1e00_0, 16, 1;
L_0x64f81baf6170 .part v0x64f81baf1ef0_0, 17, 1;
L_0x64f81baf6210 .part v0x64f81baf1e00_0, 17, 1;
L_0x64f81baf6580 .part v0x64f81baf1ef0_0, 18, 1;
L_0x64f81baf6620 .part v0x64f81baf1e00_0, 18, 1;
L_0x64f81baf69a0 .part v0x64f81baf1ef0_0, 19, 1;
L_0x64f81baf6a40 .part v0x64f81baf1e00_0, 19, 1;
L_0x64f81baf6dd0 .part v0x64f81baf1ef0_0, 20, 1;
L_0x64f81baf6e70 .part v0x64f81baf1e00_0, 20, 1;
L_0x64f81baf7210 .part v0x64f81baf1ef0_0, 21, 1;
L_0x64f81baf72b0 .part v0x64f81baf1e00_0, 21, 1;
L_0x64f81baf7660 .part v0x64f81baf1ef0_0, 22, 1;
L_0x64f81baf7700 .part v0x64f81baf1e00_0, 22, 1;
L_0x64f81baf7ac0 .part v0x64f81baf1ef0_0, 23, 1;
L_0x64f81baf7b60 .part v0x64f81baf1e00_0, 23, 1;
L_0x64f81baf7f30 .part v0x64f81baf1ef0_0, 24, 1;
L_0x64f81baf7fd0 .part v0x64f81baf1e00_0, 24, 1;
L_0x64f81baf83b0 .part v0x64f81baf1ef0_0, 25, 1;
L_0x64f81baf8450 .part v0x64f81baf1e00_0, 25, 1;
L_0x64f81baf8840 .part v0x64f81baf1ef0_0, 26, 1;
L_0x64f81baf88e0 .part v0x64f81baf1e00_0, 26, 1;
L_0x64f81baf8ce0 .part v0x64f81baf1ef0_0, 27, 1;
L_0x64f81baf8d80 .part v0x64f81baf1e00_0, 27, 1;
L_0x64f81baf9190 .part v0x64f81baf1ef0_0, 28, 1;
L_0x64f81baf9230 .part v0x64f81baf1e00_0, 28, 1;
L_0x64f81baf9650 .part v0x64f81baf1ef0_0, 29, 1;
L_0x64f81baf96f0 .part v0x64f81baf1e00_0, 29, 1;
L_0x64f81baf9b20 .part v0x64f81baf1ef0_0, 30, 1;
L_0x64f81baf9bc0 .part v0x64f81baf1e00_0, 30, 1;
LS_0x64f81bafa000_0_0 .concat8 [ 1 1 1 1], L_0x64f81baf2340, L_0x64f81baf26c0, L_0x64f81baf29b0, L_0x64f81baf2d40;
LS_0x64f81bafa000_0_4 .concat8 [ 1 1 1 1], L_0x64f81baf2fe0, L_0x64f81baf32e0, L_0x64f81baf3640, L_0x64f81baf3ac0;
LS_0x64f81bafa000_0_8 .concat8 [ 1 1 1 1], L_0x64f81baf3e40, L_0x64f81baf3da0, L_0x64f81baf44d0, L_0x64f81baf4880;
LS_0x64f81bafa000_0_12 .concat8 [ 1 1 1 1], L_0x64f81baf4c40, L_0x64f81baf5010, L_0x64f81baf53f0, L_0x64f81baf5c00;
LS_0x64f81bafa000_0_16 .concat8 [ 1 1 1 1], L_0x64f81baf6000, L_0x64f81baf6410, L_0x64f81baf6830, L_0x64f81baf6c60;
LS_0x64f81bafa000_0_20 .concat8 [ 1 1 1 1], L_0x64f81baf70a0, L_0x64f81baf74f0, L_0x64f81baf7950, L_0x64f81baf7dc0;
LS_0x64f81bafa000_0_24 .concat8 [ 1 1 1 1], L_0x64f81baf8240, L_0x64f81baf86d0, L_0x64f81baf8b70, L_0x64f81baf9020;
LS_0x64f81bafa000_0_28 .concat8 [ 1 1 1 1], L_0x64f81baf94e0, L_0x64f81baf99b0, L_0x64f81baf9e90, L_0x64f81bafb610;
LS_0x64f81bafa000_1_0 .concat8 [ 4 4 4 4], LS_0x64f81bafa000_0_0, LS_0x64f81bafa000_0_4, LS_0x64f81bafa000_0_8, LS_0x64f81bafa000_0_12;
LS_0x64f81bafa000_1_4 .concat8 [ 4 4 4 4], LS_0x64f81bafa000_0_16, LS_0x64f81bafa000_0_20, LS_0x64f81bafa000_0_24, LS_0x64f81bafa000_0_28;
L_0x64f81bafa000 .concat8 [ 16 16 0 0], LS_0x64f81bafa000_1_0, LS_0x64f81bafa000_1_4;
L_0x64f81bafaaa0 .part v0x64f81baf1ef0_0, 31, 1;
L_0x64f81bafb160 .part v0x64f81baf1e00_0, 31, 1;
S_0x64f81ba6a9e0 .scope module, "DUT" "io_interface" 2 28, 3 1 0, S_0x64f81ba6a850;
 .timescale 0 0;
    .port_info 0 /INPUT 1 "ext_clk_pad_i";
    .port_info 1 /INPUT 32 "out_pad_o";
    .port_info 2 /INPUT 32 "oen_padoe_o";
    .port_info 3 /OUTPUT 32 "in_pad_i";
    .port_info 4 /INOUT 32 "io_pad";
    .port_info 5 /OUTPUT 1 "gpio_eclk";
L_0x64f81bafc600 .functor BUFZ 32, RS_0x79d14deb78a8, C4<00000000000000000000000000000000>, C4<00000000000000000000000000000000>, C4<00000000000000000000000000000000>;
L_0x64f81baf3270 .functor BUFZ 1, v0x64f81baf1a70_0, C4<0>, C4<0>, C4<0>;
v0x64f81bae4470_0 .net "ext_clk_pad_i", 0 0, v0x64f81baf1a70_0;  1 drivers
v0x64f81bae4550_0 .net "gpio_eclk", 0 0, L_0x64f81baf3270;  alias, 1 drivers
v0x64f81bae4610_0 .net "in_pad_i", 31 0, L_0x64f81bafc600;  alias, 1 drivers
v0x64f81bae4700_0 .net8 "io_pad", 31 0, RS_0x79d14deb78a8;  alias, 2 drivers
v0x64f81bae47e0_0 .net "oen_padoe_o", 31 0, v0x64f81baf1fb0_0;  1 drivers
v0x64f81bae4910_0 .net "out_pad_o", 31 0, v0x64f81baf2070_0;  1 drivers
L_0x64f81bafb7a0 .part v0x64f81baf1fb0_0, 0, 1;
L_0x64f81bafb890 .part v0x64f81baf2070_0, 0, 1;
L_0x64f81bafbac0 .part v0x64f81baf1fb0_0, 1, 1;
L_0x64f81bafbb60 .part v0x64f81baf2070_0, 1, 1;
L_0x64f81bafbd40 .part v0x64f81baf1fb0_0, 2, 1;
L_0x64f81bafbde0 .part v0x64f81baf2070_0, 2, 1;
L_0x64f81bafbf60 .part v0x64f81baf1fb0_0, 3, 1;
L_0x64f81bafc000 .part v0x64f81baf2070_0, 3, 1;
L_0x64f81bafc230 .part v0x64f81baf1fb0_0, 4, 1;
L_0x64f81bafc2d0 .part v0x64f81baf2070_0, 4, 1;
L_0x64f81bafc4c0 .part v0x64f81baf1fb0_0, 5, 1;
L_0x64f81bafc560 .part v0x64f81baf2070_0, 5, 1;
L_0x64f81bafc7b0 .part v0x64f81baf1fb0_0, 6, 1;
L_0x64f81bafc850 .part v0x64f81baf2070_0, 6, 1;
L_0x64f81bafcab0 .part v0x64f81baf1fb0_0, 7, 1;
L_0x64f81bafcb50 .part v0x64f81baf2070_0, 7, 1;
L_0x64f81bafcdc0 .part v0x64f81baf1fb0_0, 8, 1;
L_0x64f81bafce60 .part v0x64f81baf2070_0, 8, 1;
L_0x64f81bafd0e0 .part v0x64f81baf1fb0_0, 9, 1;
L_0x64f81bafd180 .part v0x64f81baf2070_0, 9, 1;
L_0x64f81bafd370 .part v0x64f81baf1fb0_0, 10, 1;
L_0x64f81bafd410 .part v0x64f81baf2070_0, 10, 1;
L_0x64f81bafd6b0 .part v0x64f81baf1fb0_0, 11, 1;
L_0x64f81bafd750 .part v0x64f81baf2070_0, 11, 1;
L_0x64f81bafda00 .part v0x64f81baf1fb0_0, 12, 1;
L_0x64f81bafdaa0 .part v0x64f81baf2070_0, 12, 1;
L_0x64f81bafdd60 .part v0x64f81baf1fb0_0, 13, 1;
L_0x64f81bafde00 .part v0x64f81baf2070_0, 13, 1;
L_0x64f81bafe0d0 .part v0x64f81baf1fb0_0, 14, 1;
L_0x64f81bafe170 .part v0x64f81baf2070_0, 14, 1;
L_0x64f81bafe450 .part v0x64f81baf1fb0_0, 15, 1;
L_0x64f81bafe4f0 .part v0x64f81baf2070_0, 15, 1;
L_0x64f81bafe7e0 .part v0x64f81baf1fb0_0, 16, 1;
L_0x64f81bafe880 .part v0x64f81baf2070_0, 16, 1;
L_0x64f81bafebb0 .part v0x64f81baf1fb0_0, 17, 1;
L_0x64f81bafec50 .part v0x64f81baf2070_0, 17, 1;
L_0x64f81bafefc0 .part v0x64f81baf1fb0_0, 18, 1;
L_0x64f81baff060 .part v0x64f81baf2070_0, 18, 1;
L_0x64f81baff3e0 .part v0x64f81baf1fb0_0, 19, 1;
L_0x64f81baff480 .part v0x64f81baf2070_0, 19, 1;
L_0x64f81baff810 .part v0x64f81baf1fb0_0, 20, 1;
L_0x64f81baff8b0 .part v0x64f81baf2070_0, 20, 1;
L_0x64f81baffc50 .part v0x64f81baf1fb0_0, 21, 1;
L_0x64f81baffcf0 .part v0x64f81baf2070_0, 21, 1;
L_0x64f81bb000a0 .part v0x64f81baf1fb0_0, 22, 1;
L_0x64f81bb00140 .part v0x64f81baf2070_0, 22, 1;
L_0x64f81bb00500 .part v0x64f81baf1fb0_0, 23, 1;
L_0x64f81bb005a0 .part v0x64f81baf2070_0, 23, 1;
L_0x64f81bb00970 .part v0x64f81baf1fb0_0, 24, 1;
L_0x64f81bb00a10 .part v0x64f81baf2070_0, 24, 1;
L_0x64f81bb00df0 .part v0x64f81baf1fb0_0, 25, 1;
L_0x64f81bb00e90 .part v0x64f81baf2070_0, 25, 1;
L_0x64f81bb01280 .part v0x64f81baf1fb0_0, 26, 1;
L_0x64f81bb01320 .part v0x64f81baf2070_0, 26, 1;
L_0x64f81bb01720 .part v0x64f81baf1fb0_0, 27, 1;
L_0x64f81bb017c0 .part v0x64f81baf2070_0, 27, 1;
L_0x64f81bb01bd0 .part v0x64f81baf1fb0_0, 28, 1;
L_0x64f81bb01c70 .part v0x64f81baf2070_0, 28, 1;
L_0x64f81bb02090 .part v0x64f81baf1fb0_0, 29, 1;
L_0x64f81bb02130 .part v0x64f81baf2070_0, 29, 1;
L_0x64f81bb02560 .part v0x64f81baf1fb0_0, 30, 1;
L_0x64f81bb02a10 .part v0x64f81baf2070_0, 30, 1;
LS_0x64f81bb03260_0_0 .concat8 [ 1 1 1 1], L_0x64f81bafb980, L_0x64f81bafbc00, L_0x64f81bafbec0, L_0x64f81bafc0f0;
LS_0x64f81bb03260_0_4 .concat8 [ 1 1 1 1], L_0x64f81bafc3d0, L_0x64f81bafc670, L_0x64f81bafc970, L_0x64f81bafcc80;
LS_0x64f81bb03260_0_8 .concat8 [ 1 1 1 1], L_0x64f81bafcfa0, L_0x64f81bafcf00, L_0x64f81bafd570, L_0x64f81bafd8c0;
LS_0x64f81bb03260_0_12 .concat8 [ 1 1 1 1], L_0x64f81bafdc20, L_0x64f81bafdf90, L_0x64f81bafe310, L_0x64f81bafe6a0;
LS_0x64f81bb03260_0_16 .concat8 [ 1 1 1 1], L_0x64f81bafea40, L_0x64f81bafee50, L_0x64f81baff270, L_0x64f81baff6a0;
LS_0x64f81bb03260_0_20 .concat8 [ 1 1 1 1], L_0x64f81baffae0, L_0x64f81bafff30, L_0x64f81bb00390, L_0x64f81bb00800;
LS_0x64f81bb03260_0_24 .concat8 [ 1 1 1 1], L_0x64f81bb00c80, L_0x64f81bb01110, L_0x64f81bb015b0, L_0x64f81bb01a60;
LS_0x64f81bb03260_0_28 .concat8 [ 1 1 1 1], L_0x64f81bb01f20, L_0x64f81bb023f0, L_0x64f81bb030f0, L_0x64f81bb04000;
LS_0x64f81bb03260_1_0 .concat8 [ 4 4 4 4], LS_0x64f81bb03260_0_0, LS_0x64f81bb03260_0_4, LS_0x64f81bb03260_0_8, LS_0x64f81bb03260_0_12;
LS_0x64f81bb03260_1_4 .concat8 [ 4 4 4 4], LS_0x64f81bb03260_0_16, LS_0x64f81bb03260_0_20, LS_0x64f81bb03260_0_24, LS_0x64f81bb03260_0_28;
L_0x64f81bb03260 .concat8 [ 16 16 0 0], LS_0x64f81bb03260_1_0, LS_0x64f81bb03260_1_4;
L_0x64f81bb03cb0 .part v0x64f81baf1fb0_0, 31, 1;
L_0x64f81bb03f60 .part v0x64f81baf2070_0, 31, 1;
S_0x64f81babbcb0 .scope generate, "gpio_output_tri_buffers[0]" "gpio_output_tri_buffers[0]" 3 16, 3 16 0, S_0x64f81ba6a9e0;
 .timescale 0 0;
P_0x64f81ba301d0 .param/l "i" 0 3 16, +C4<00>;
v0x64f81ba77050_0 .net *"_ivl_0", 0 0, L_0x64f81bafb7a0;  1 drivers
v0x64f81ba75e40_0 .net *"_ivl_1", 0 0, L_0x64f81bafb890;  1 drivers
o0x79d14deb6078 .functor BUFZ 1, C4<z>; HiZ drive
; Elide local net with no drivers, v0x64f81ba74cc0_0 name=_ivl_2
v0x64f81ba73b40_0 .net *"_ivl_4", 0 0, L_0x64f81bafb980;  1 drivers
L_0x64f81bafb980 .functor MUXZ 1, o0x79d14deb6078, L_0x64f81bafb890, L_0x64f81bafb7a0, C4<>;
S_0x64f81bad7f00 .scope generate, "gpio_output_tri_buffers[1]" "gpio_output_tri_buffers[1]" 3 16, 3 16 0, S_0x64f81ba6a9e0;
 .timescale 0 0;
P_0x64f81bad8120 .param/l "i" 0 3 16, +C4<01>;
v0x64f81ba94be0_0 .net *"_ivl_0", 0 0, L_0x64f81bafbac0;  1 drivers
v0x64f81ba75220_0 .net *"_ivl_1", 0 0, L_0x64f81bafbb60;  1 drivers
o0x79d14deb6138 .functor BUFZ 1, C4<z>; HiZ drive
; Elide local net with no drivers, v0x64f81bad8260_0 name=_ivl_2
v0x64f81bad8320_0 .net *"_ivl_4", 0 0, L_0x64f81bafbc00;  1 drivers
L_0x64f81bafbc00 .functor MUXZ 1, o0x79d14deb6138, L_0x64f81bafbb60, L_0x64f81bafbac0, C4<>;
S_0x64f81bad8400 .scope generate, "gpio_output_tri_buffers[2]" "gpio_output_tri_buffers[2]" 3 16, 3 16 0, S_0x64f81ba6a9e0;
 .timescale 0 0;
P_0x64f81bad8600 .param/l "i" 0 3 16, +C4<010>;
v0x64f81bad86c0_0 .net *"_ivl_0", 0 0, L_0x64f81bafbd40;  1 drivers
v0x64f81bad87a0_0 .net *"_ivl_1", 0 0, L_0x64f81bafbde0;  1 drivers
o0x79d14deb61f8 .functor BUFZ 1, C4<z>; HiZ drive
; Elide local net with no drivers, v0x64f81bad8880_0 name=_ivl_2
v0x64f81bad8940_0 .net *"_ivl_4", 0 0, L_0x64f81bafbec0;  1 drivers
L_0x64f81bafbec0 .functor MUXZ 1, o0x79d14deb61f8, L_0x64f81bafbde0, L_0x64f81bafbd40, C4<>;
S_0x64f81bad8a20 .scope generate, "gpio_output_tri_buffers[3]" "gpio_output_tri_buffers[3]" 3 16, 3 16 0, S_0x64f81ba6a9e0;
 .timescale 0 0;
P_0x64f81bad8c20 .param/l "i" 0 3 16, +C4<011>;
v0x64f81bad8d00_0 .net *"_ivl_0", 0 0, L_0x64f81bafbf60;  1 drivers
v0x64f81bad8de0_0 .net *"_ivl_1", 0 0, L_0x64f81bafc000;  1 drivers
o0x79d14deb62b8 .functor BUFZ 1, C4<z>; HiZ drive
; Elide local net with no drivers, v0x64f81bad8ec0_0 name=_ivl_2
v0x64f81bad8f80_0 .net *"_ivl_4", 0 0, L_0x64f81bafc0f0;  1 drivers
L_0x64f81bafc0f0 .functor MUXZ 1, o0x79d14deb62b8, L_0x64f81bafc000, L_0x64f81bafbf60, C4<>;
S_0x64f81bad9060 .scope generate, "gpio_output_tri_buffers[4]" "gpio_output_tri_buffers[4]" 3 16, 3 16 0, S_0x64f81ba6a9e0;
 .timescale 0 0;
P_0x64f81bad92b0 .param/l "i" 0 3 16, +C4<0100>;
v0x64f81bad9390_0 .net *"_ivl_0", 0 0, L_0x64f81bafc230;  1 drivers
v0x64f81bad9470_0 .net *"_ivl_1", 0 0, L_0x64f81bafc2d0;  1 drivers
o0x79d14deb6378 .functor BUFZ 1, C4<z>; HiZ drive
; Elide local net with no drivers, v0x64f81bad9550_0 name=_ivl_2
v0x64f81bad9610_0 .net *"_ivl_4", 0 0, L_0x64f81bafc3d0;  1 drivers
L_0x64f81bafc3d0 .functor MUXZ 1, o0x79d14deb6378, L_0x64f81bafc2d0, L_0x64f81bafc230, C4<>;
S_0x64f81bad96f0 .scope generate, "gpio_output_tri_buffers[5]" "gpio_output_tri_buffers[5]" 3 16, 3 16 0, S_0x64f81ba6a9e0;
 .timescale 0 0;
P_0x64f81bad98f0 .param/l "i" 0 3 16, +C4<0101>;
v0x64f81bad99d0_0 .net *"_ivl_0", 0 0, L_0x64f81bafc4c0;  1 drivers
v0x64f81bad9ab0_0 .net *"_ivl_1", 0 0, L_0x64f81bafc560;  1 drivers
o0x79d14deb6438 .functor BUFZ 1, C4<z>; HiZ drive
; Elide local net with no drivers, v0x64f81bad9b90_0 name=_ivl_2
v0x64f81bad9c80_0 .net *"_ivl_4", 0 0, L_0x64f81bafc670;  1 drivers
L_0x64f81bafc670 .functor MUXZ 1, o0x79d14deb6438, L_0x64f81bafc560, L_0x64f81bafc4c0, C4<>;
S_0x64f81bad9d60 .scope generate, "gpio_output_tri_buffers[6]" "gpio_output_tri_buffers[6]" 3 16, 3 16 0, S_0x64f81ba6a9e0;
 .timescale 0 0;
P_0x64f81bad9f60 .param/l "i" 0 3 16, +C4<0110>;
v0x64f81bada040_0 .net *"_ivl_0", 0 0, L_0x64f81bafc7b0;  1 drivers
v0x64f81bada120_0 .net *"_ivl_1", 0 0, L_0x64f81bafc850;  1 drivers
o0x79d14deb64f8 .functor BUFZ 1, C4<z>; HiZ drive
; Elide local net with no drivers, v0x64f81bada200_0 name=_ivl_2
v0x64f81bada2f0_0 .net *"_ivl_4", 0 0, L_0x64f81bafc970;  1 drivers
L_0x64f81bafc970 .functor MUXZ 1, o0x79d14deb64f8, L_0x64f81bafc850, L_0x64f81bafc7b0, C4<>;
S_0x64f81bada3d0 .scope generate, "gpio_output_tri_buffers[7]" "gpio_output_tri_buffers[7]" 3 16, 3 16 0, S_0x64f81ba6a9e0;
 .timescale 0 0;
P_0x64f81bada5d0 .param/l "i" 0 3 16, +C4<0111>;
v0x64f81bada6b0_0 .net *"_ivl_0", 0 0, L_0x64f81bafcab0;  1 drivers
v0x64f81bada790_0 .net *"_ivl_1", 0 0, L_0x64f81bafcb50;  1 drivers
o0x79d14deb65b8 .functor BUFZ 1, C4<z>; HiZ drive
; Elide local net with no drivers, v0x64f81bada870_0 name=_ivl_2
v0x64f81bada960_0 .net *"_ivl_4", 0 0, L_0x64f81bafcc80;  1 drivers
L_0x64f81bafcc80 .functor MUXZ 1, o0x79d14deb65b8, L_0x64f81bafcb50, L_0x64f81bafcab0, C4<>;
S_0x64f81badaa40 .scope generate, "gpio_output_tri_buffers[8]" "gpio_output_tri_buffers[8]" 3 16, 3 16 0, S_0x64f81ba6a9e0;
 .timescale 0 0;
P_0x64f81bad9260 .param/l "i" 0 3 16, +C4<01000>;
v0x64f81badacd0_0 .net *"_ivl_0", 0 0, L_0x64f81bafcdc0;  1 drivers
v0x64f81badadb0_0 .net *"_ivl_1", 0 0, L_0x64f81bafce60;  1 drivers
o0x79d14deb6678 .functor BUFZ 1, C4<z>; HiZ drive
; Elide local net with no drivers, v0x64f81badae90_0 name=_ivl_2
v0x64f81badaf80_0 .net *"_ivl_4", 0 0, L_0x64f81bafcfa0;  1 drivers
L_0x64f81bafcfa0 .functor MUXZ 1, o0x79d14deb6678, L_0x64f81bafce60, L_0x64f81bafcdc0, C4<>;
S_0x64f81badb060 .scope generate, "gpio_output_tri_buffers[9]" "gpio_output_tri_buffers[9]" 3 16, 3 16 0, S_0x64f81ba6a9e0;
 .timescale 0 0;
P_0x64f81badb260 .param/l "i" 0 3 16, +C4<01001>;
v0x64f81badb340_0 .net *"_ivl_0", 0 0, L_0x64f81bafd0e0;  1 drivers
v0x64f81badb420_0 .net *"_ivl_1", 0 0, L_0x64f81bafd180;  1 drivers
o0x79d14deb6738 .functor BUFZ 1, C4<z>; HiZ drive
; Elide local net with no drivers, v0x64f81badb500_0 name=_ivl_2
v0x64f81badb5f0_0 .net *"_ivl_4", 0 0, L_0x64f81bafcf00;  1 drivers
L_0x64f81bafcf00 .functor MUXZ 1, o0x79d14deb6738, L_0x64f81bafd180, L_0x64f81bafd0e0, C4<>;
S_0x64f81badb6d0 .scope generate, "gpio_output_tri_buffers[10]" "gpio_output_tri_buffers[10]" 3 16, 3 16 0, S_0x64f81ba6a9e0;
 .timescale 0 0;
P_0x64f81badb8d0 .param/l "i" 0 3 16, +C4<01010>;
v0x64f81badb9b0_0 .net *"_ivl_0", 0 0, L_0x64f81bafd370;  1 drivers
v0x64f81badba90_0 .net *"_ivl_1", 0 0, L_0x64f81bafd410;  1 drivers
o0x79d14deb67f8 .functor BUFZ 1, C4<z>; HiZ drive
; Elide local net with no drivers, v0x64f81badbb70_0 name=_ivl_2
v0x64f81badbc60_0 .net *"_ivl_4", 0 0, L_0x64f81bafd570;  1 drivers
L_0x64f81bafd570 .functor MUXZ 1, o0x79d14deb67f8, L_0x64f81bafd410, L_0x64f81bafd370, C4<>;
S_0x64f81badbd40 .scope generate, "gpio_output_tri_buffers[11]" "gpio_output_tri_buffers[11]" 3 16, 3 16 0, S_0x64f81ba6a9e0;
 .timescale 0 0;
P_0x64f81badbf40 .param/l "i" 0 3 16, +C4<01011>;
v0x64f81badc020_0 .net *"_ivl_0", 0 0, L_0x64f81bafd6b0;  1 drivers
v0x64f81badc100_0 .net *"_ivl_1", 0 0, L_0x64f81bafd750;  1 drivers
o0x79d14deb68b8 .functor BUFZ 1, C4<z>; HiZ drive
; Elide local net with no drivers, v0x64f81badc1e0_0 name=_ivl_2
v0x64f81badc2d0_0 .net *"_ivl_4", 0 0, L_0x64f81bafd8c0;  1 drivers
L_0x64f81bafd8c0 .functor MUXZ 1, o0x79d14deb68b8, L_0x64f81bafd750, L_0x64f81bafd6b0, C4<>;
S_0x64f81badc3b0 .scope generate, "gpio_output_tri_buffers[12]" "gpio_output_tri_buffers[12]" 3 16, 3 16 0, S_0x64f81ba6a9e0;
 .timescale 0 0;
P_0x64f81badc5b0 .param/l "i" 0 3 16, +C4<01100>;
v0x64f81badc690_0 .net *"_ivl_0", 0 0, L_0x64f81bafda00;  1 drivers
v0x64f81badc770_0 .net *"_ivl_1", 0 0, L_0x64f81bafdaa0;  1 drivers
o0x79d14deb6978 .functor BUFZ 1, C4<z>; HiZ drive
; Elide local net with no drivers, v0x64f81badc850_0 name=_ivl_2
v0x64f81badc940_0 .net *"_ivl_4", 0 0, L_0x64f81bafdc20;  1 drivers
L_0x64f81bafdc20 .functor MUXZ 1, o0x79d14deb6978, L_0x64f81bafdaa0, L_0x64f81bafda00, C4<>;
S_0x64f81badca20 .scope generate, "gpio_output_tri_buffers[13]" "gpio_output_tri_buffers[13]" 3 16, 3 16 0, S_0x64f81ba6a9e0;
 .timescale 0 0;
P_0x64f81badcc20 .param/l "i" 0 3 16, +C4<01101>;
v0x64f81badcd00_0 .net *"_ivl_0", 0 0, L_0x64f81bafdd60;  1 drivers
v0x64f81badcde0_0 .net *"_ivl_1", 0 0, L_0x64f81bafde00;  1 drivers
o0x79d14deb6a38 .functor BUFZ 1, C4<z>; HiZ drive
; Elide local net with no drivers, v0x64f81badcec0_0 name=_ivl_2
v0x64f81badcfb0_0 .net *"_ivl_4", 0 0, L_0x64f81bafdf90;  1 drivers
L_0x64f81bafdf90 .functor MUXZ 1, o0x79d14deb6a38, L_0x64f81bafde00, L_0x64f81bafdd60, C4<>;
S_0x64f81badd090 .scope generate, "gpio_output_tri_buffers[14]" "gpio_output_tri_buffers[14]" 3 16, 3 16 0, S_0x64f81ba6a9e0;
 .timescale 0 0;
P_0x64f81badd290 .param/l "i" 0 3 16, +C4<01110>;
v0x64f81badd370_0 .net *"_ivl_0", 0 0, L_0x64f81bafe0d0;  1 drivers
v0x64f81badd450_0 .net *"_ivl_1", 0 0, L_0x64f81bafe170;  1 drivers
o0x79d14deb6af8 .functor BUFZ 1, C4<z>; HiZ drive
; Elide local net with no drivers, v0x64f81badd530_0 name=_ivl_2
v0x64f81badd620_0 .net *"_ivl_4", 0 0, L_0x64f81bafe310;  1 drivers
L_0x64f81bafe310 .functor MUXZ 1, o0x79d14deb6af8, L_0x64f81bafe170, L_0x64f81bafe0d0, C4<>;
S_0x64f81badd700 .scope generate, "gpio_output_tri_buffers[15]" "gpio_output_tri_buffers[15]" 3 16, 3 16 0, S_0x64f81ba6a9e0;
 .timescale 0 0;
P_0x64f81badd900 .param/l "i" 0 3 16, +C4<01111>;
v0x64f81badd9e0_0 .net *"_ivl_0", 0 0, L_0x64f81bafe450;  1 drivers
v0x64f81baddac0_0 .net *"_ivl_1", 0 0, L_0x64f81bafe4f0;  1 drivers
o0x79d14deb6bb8 .functor BUFZ 1, C4<z>; HiZ drive
; Elide local net with no drivers, v0x64f81baddba0_0 name=_ivl_2
v0x64f81baddc90_0 .net *"_ivl_4", 0 0, L_0x64f81bafe6a0;  1 drivers
L_0x64f81bafe6a0 .functor MUXZ 1, o0x79d14deb6bb8, L_0x64f81bafe4f0, L_0x64f81bafe450, C4<>;
S_0x64f81baddd70 .scope generate, "gpio_output_tri_buffers[16]" "gpio_output_tri_buffers[16]" 3 16, 3 16 0, S_0x64f81ba6a9e0;
 .timescale 0 0;
P_0x64f81baddf70 .param/l "i" 0 3 16, +C4<010000>;
v0x64f81bade050_0 .net *"_ivl_0", 0 0, L_0x64f81bafe7e0;  1 drivers
v0x64f81bade130_0 .net *"_ivl_1", 0 0, L_0x64f81bafe880;  1 drivers
o0x79d14deb6c78 .functor BUFZ 1, C4<z>; HiZ drive
; Elide local net with no drivers, v0x64f81bade210_0 name=_ivl_2
v0x64f81bade300_0 .net *"_ivl_4", 0 0, L_0x64f81bafea40;  1 drivers
L_0x64f81bafea40 .functor MUXZ 1, o0x79d14deb6c78, L_0x64f81bafe880, L_0x64f81bafe7e0, C4<>;
S_0x64f81bade3e0 .scope generate, "gpio_output_tri_buffers[17]" "gpio_output_tri_buffers[17]" 3 16, 3 16 0, S_0x64f81ba6a9e0;
 .timescale 0 0;
P_0x64f81bade5e0 .param/l "i" 0 3 16, +C4<010001>;
v0x64f81bade6c0_0 .net *"_ivl_0", 0 0, L_0x64f81bafebb0;  1 drivers
v0x64f81bade7a0_0 .net *"_ivl_1", 0 0, L_0x64f81bafec50;  1 drivers
o0x79d14deb6d38 .functor BUFZ 1, C4<z>; HiZ drive
; Elide local net with no drivers, v0x64f81bade880_0 name=_ivl_2
v0x64f81bade970_0 .net *"_ivl_4", 0 0, L_0x64f81bafee50;  1 drivers
L_0x64f81bafee50 .functor MUXZ 1, o0x79d14deb6d38, L_0x64f81bafec50, L_0x64f81bafebb0, C4<>;
S_0x64f81badea50 .scope generate, "gpio_output_tri_buffers[18]" "gpio_output_tri_buffers[18]" 3 16, 3 16 0, S_0x64f81ba6a9e0;
 .timescale 0 0;
P_0x64f81badec50 .param/l "i" 0 3 16, +C4<010010>;
v0x64f81baded30_0 .net *"_ivl_0", 0 0, L_0x64f81bafefc0;  1 drivers
v0x64f81badee10_0 .net *"_ivl_1", 0 0, L_0x64f81baff060;  1 drivers
o0x79d14deb6df8 .functor BUFZ 1, C4<z>; HiZ drive
; Elide local net with no drivers, v0x64f81badeef0_0 name=_ivl_2
v0x64f81badefe0_0 .net *"_ivl_4", 0 0, L_0x64f81baff270;  1 drivers
L_0x64f81baff270 .functor MUXZ 1, o0x79d14deb6df8, L_0x64f81baff060, L_0x64f81bafefc0, C4<>;
S_0x64f81badf0c0 .scope generate, "gpio_output_tri_buffers[19]" "gpio_output_tri_buffers[19]" 3 16, 3 16 0, S_0x64f81ba6a9e0;
 .timescale 0 0;
P_0x64f81badf2c0 .param/l "i" 0 3 16, +C4<010011>;
v0x64f81badf3a0_0 .net *"_ivl_0", 0 0, L_0x64f81baff3e0;  1 drivers
v0x64f81badf480_0 .net *"_ivl_1", 0 0, L_0x64f81baff480;  1 drivers
o0x79d14deb6eb8 .functor BUFZ 1, C4<z>; HiZ drive
; Elide local net with no drivers, v0x64f81badf560_0 name=_ivl_2
v0x64f81badf650_0 .net *"_ivl_4", 0 0, L_0x64f81baff6a0;  1 drivers
L_0x64f81baff6a0 .functor MUXZ 1, o0x79d14deb6eb8, L_0x64f81baff480, L_0x64f81baff3e0, C4<>;
S_0x64f81badf730 .scope generate, "gpio_output_tri_buffers[20]" "gpio_output_tri_buffers[20]" 3 16, 3 16 0, S_0x64f81ba6a9e0;
 .timescale 0 0;
P_0x64f81badf930 .param/l "i" 0 3 16, +C4<010100>;
v0x64f81badfa10_0 .net *"_ivl_0", 0 0, L_0x64f81baff810;  1 drivers
v0x64f81badfaf0_0 .net *"_ivl_1", 0 0, L_0x64f81baff8b0;  1 drivers
o0x79d14deb6f78 .functor BUFZ 1, C4<z>; HiZ drive
; Elide local net with no drivers, v0x64f81badfbd0_0 name=_ivl_2
v0x64f81badfcc0_0 .net *"_ivl_4", 0 0, L_0x64f81baffae0;  1 drivers
L_0x64f81baffae0 .functor MUXZ 1, o0x79d14deb6f78, L_0x64f81baff8b0, L_0x64f81baff810, C4<>;
S_0x64f81badfda0 .scope generate, "gpio_output_tri_buffers[21]" "gpio_output_tri_buffers[21]" 3 16, 3 16 0, S_0x64f81ba6a9e0;
 .timescale 0 0;
P_0x64f81badffa0 .param/l "i" 0 3 16, +C4<010101>;
v0x64f81bae0080_0 .net *"_ivl_0", 0 0, L_0x64f81baffc50;  1 drivers
v0x64f81bae0160_0 .net *"_ivl_1", 0 0, L_0x64f81baffcf0;  1 drivers
o0x79d14deb7038 .functor BUFZ 1, C4<z>; HiZ drive
; Elide local net with no drivers, v0x64f81bae0240_0 name=_ivl_2
v0x64f81bae0330_0 .net *"_ivl_4", 0 0, L_0x64f81bafff30;  1 drivers
L_0x64f81bafff30 .functor MUXZ 1, o0x79d14deb7038, L_0x64f81baffcf0, L_0x64f81baffc50, C4<>;
S_0x64f81bae0410 .scope generate, "gpio_output_tri_buffers[22]" "gpio_output_tri_buffers[22]" 3 16, 3 16 0, S_0x64f81ba6a9e0;
 .timescale 0 0;
P_0x64f81bae0610 .param/l "i" 0 3 16, +C4<010110>;
v0x64f81bae06f0_0 .net *"_ivl_0", 0 0, L_0x64f81bb000a0;  1 drivers
v0x64f81bae07d0_0 .net *"_ivl_1", 0 0, L_0x64f81bb00140;  1 drivers
o0x79d14deb70f8 .functor BUFZ 1, C4<z>; HiZ drive
; Elide local net with no drivers, v0x64f81bae08b0_0 name=_ivl_2
v0x64f81bae09a0_0 .net *"_ivl_4", 0 0, L_0x64f81bb00390;  1 drivers
L_0x64f81bb00390 .functor MUXZ 1, o0x79d14deb70f8, L_0x64f81bb00140, L_0x64f81bb000a0, C4<>;
S_0x64f81bae0a80 .scope generate, "gpio_output_tri_buffers[23]" "gpio_output_tri_buffers[23]" 3 16, 3 16 0, S_0x64f81ba6a9e0;
 .timescale 0 0;
P_0x64f81bae0c80 .param/l "i" 0 3 16, +C4<010111>;
v0x64f81bae0d60_0 .net *"_ivl_0", 0 0, L_0x64f81bb00500;  1 drivers
v0x64f81bae0e40_0 .net *"_ivl_1", 0 0, L_0x64f81bb005a0;  1 drivers
o0x79d14deb71b8 .functor BUFZ 1, C4<z>; HiZ drive
; Elide local net with no drivers, v0x64f81bae0f20_0 name=_ivl_2
v0x64f81bae1010_0 .net *"_ivl_4", 0 0, L_0x64f81bb00800;  1 drivers
L_0x64f81bb00800 .functor MUXZ 1, o0x79d14deb71b8, L_0x64f81bb005a0, L_0x64f81bb00500, C4<>;
S_0x64f81bae10f0 .scope generate, "gpio_output_tri_buffers[24]" "gpio_output_tri_buffers[24]" 3 16, 3 16 0, S_0x64f81ba6a9e0;
 .timescale 0 0;
P_0x64f81bae12f0 .param/l "i" 0 3 16, +C4<011000>;
v0x64f81bae13d0_0 .net *"_ivl_0", 0 0, L_0x64f81bb00970;  1 drivers
v0x64f81bae14b0_0 .net *"_ivl_1", 0 0, L_0x64f81bb00a10;  1 drivers
o0x79d14deb7278 .functor BUFZ 1, C4<z>; HiZ drive
; Elide local net with no drivers, v0x64f81bae1590_0 name=_ivl_2
v0x64f81bae1680_0 .net *"_ivl_4", 0 0, L_0x64f81bb00c80;  1 drivers
L_0x64f81bb00c80 .functor MUXZ 1, o0x79d14deb7278, L_0x64f81bb00a10, L_0x64f81bb00970, C4<>;
S_0x64f81bae1760 .scope generate, "gpio_output_tri_buffers[25]" "gpio_output_tri_buffers[25]" 3 16, 3 16 0, S_0x64f81ba6a9e0;
 .timescale 0 0;
P_0x64f81bae1960 .param/l "i" 0 3 16, +C4<011001>;
v0x64f81bae1a40_0 .net *"_ivl_0", 0 0, L_0x64f81bb00df0;  1 drivers
v0x64f81bae1b20_0 .net *"_ivl_1", 0 0, L_0x64f81bb00e90;  1 drivers
o0x79d14deb7338 .functor BUFZ 1, C4<z>; HiZ drive
; Elide local net with no drivers, v0x64f81bae1c00_0 name=_ivl_2
v0x64f81bae1cf0_0 .net *"_ivl_4", 0 0, L_0x64f81bb01110;  1 drivers
L_0x64f81bb01110 .functor MUXZ 1, o0x79d14deb7338, L_0x64f81bb00e90, L_0x64f81bb00df0, C4<>;
S_0x64f81bae1dd0 .scope generate, "gpio_output_tri_buffers[26]" "gpio_output_tri_buffers[26]" 3 16, 3 16 0, S_0x64f81ba6a9e0;
 .timescale 0 0;
P_0x64f81bae1fd0 .param/l "i" 0 3 16, +C4<011010>;
v0x64f81bae20b0_0 .net *"_ivl_0", 0 0, L_0x64f81bb01280;  1 drivers
v0x64f81bae2190_0 .net *"_ivl_1", 0 0, L_0x64f81bb01320;  1 drivers
o0x79d14deb73f8 .functor BUFZ 1, C4<z>; HiZ drive
; Elide local net with no drivers, v0x64f81bae2270_0 name=_ivl_2
v0x64f81bae2360_0 .net *"_ivl_4", 0 0, L_0x64f81bb015b0;  1 drivers
L_0x64f81bb015b0 .functor MUXZ 1, o0x79d14deb73f8, L_0x64f81bb01320, L_0x64f81bb01280, C4<>;
S_0x64f81bae2440 .scope generate, "gpio_output_tri_buffers[27]" "gpio_output_tri_buffers[27]" 3 16, 3 16 0, S_0x64f81ba6a9e0;
 .timescale 0 0;
P_0x64f81bae2640 .param/l "i" 0 3 16, +C4<011011>;
v0x64f81bae2720_0 .net *"_ivl_0", 0 0, L_0x64f81bb01720;  1 drivers
v0x64f81bae2800_0 .net *"_ivl_1", 0 0, L_0x64f81bb017c0;  1 drivers
o0x79d14deb74b8 .functor BUFZ 1, C4<z>; HiZ drive
; Elide local net with no drivers, v0x64f81bae28e0_0 name=_ivl_2
v0x64f81bae29d0_0 .net *"_ivl_4", 0 0, L_0x64f81bb01a60;  1 drivers
L_0x64f81bb01a60 .functor MUXZ 1, o0x79d14deb74b8, L_0x64f81bb017c0, L_0x64f81bb01720, C4<>;
S_0x64f81bae2ab0 .scope generate, "gpio_output_tri_buffers[28]" "gpio_output_tri_buffers[28]" 3 16, 3 16 0, S_0x64f81ba6a9e0;
 .timescale 0 0;
P_0x64f81bae2cb0 .param/l "i" 0 3 16, +C4<011100>;
v0x64f81bae2d90_0 .net *"_ivl_0", 0 0, L_0x64f81bb01bd0;  1 drivers
v0x64f81bae2e70_0 .net *"_ivl_1", 0 0, L_0x64f81bb01c70;  1 drivers
o0x79d14deb7578 .functor BUFZ 1, C4<z>; HiZ drive
; Elide local net with no drivers, v0x64f81bae2f50_0 name=_ivl_2
v0x64f81bae3040_0 .net *"_ivl_4", 0 0, L_0x64f81bb01f20;  1 drivers
L_0x64f81bb01f20 .functor MUXZ 1, o0x79d14deb7578, L_0x64f81bb01c70, L_0x64f81bb01bd0, C4<>;
S_0x64f81bae3120 .scope generate, "gpio_output_tri_buffers[29]" "gpio_output_tri_buffers[29]" 3 16, 3 16 0, S_0x64f81ba6a9e0;
 .timescale 0 0;
P_0x64f81bae3320 .param/l "i" 0 3 16, +C4<011101>;
v0x64f81bae3400_0 .net *"_ivl_0", 0 0, L_0x64f81bb02090;  1 drivers
v0x64f81bae34e0_0 .net *"_ivl_1", 0 0, L_0x64f81bb02130;  1 drivers
o0x79d14deb7638 .functor BUFZ 1, C4<z>; HiZ drive
; Elide local net with no drivers, v0x64f81bae35c0_0 name=_ivl_2
v0x64f81bae36b0_0 .net *"_ivl_4", 0 0, L_0x64f81bb023f0;  1 drivers
L_0x64f81bb023f0 .functor MUXZ 1, o0x79d14deb7638, L_0x64f81bb02130, L_0x64f81bb02090, C4<>;
S_0x64f81bae3790 .scope generate, "gpio_output_tri_buffers[30]" "gpio_output_tri_buffers[30]" 3 16, 3 16 0, S_0x64f81ba6a9e0;
 .timescale 0 0;
P_0x64f81bae3990 .param/l "i" 0 3 16, +C4<011110>;
v0x64f81bae3a70_0 .net *"_ivl_0", 0 0, L_0x64f81bb02560;  1 drivers
v0x64f81bae3b50_0 .net *"_ivl_1", 0 0, L_0x64f81bb02a10;  1 drivers
o0x79d14deb76f8 .functor BUFZ 1, C4<z>; HiZ drive
; Elide local net with no drivers, v0x64f81bae3c30_0 name=_ivl_2
v0x64f81bae3d20_0 .net *"_ivl_4", 0 0, L_0x64f81bb030f0;  1 drivers
L_0x64f81bb030f0 .functor MUXZ 1, o0x79d14deb76f8, L_0x64f81bb02a10, L_0x64f81bb02560, C4<>;
S_0x64f81bae3e00 .scope generate, "gpio_output_tri_buffers[31]" "gpio_output_tri_buffers[31]" 3 16, 3 16 0, S_0x64f81ba6a9e0;
 .timescale 0 0;
P_0x64f81bae4000 .param/l "i" 0 3 16, +C4<011111>;
v0x64f81bae40e0_0 .net *"_ivl_0", 0 0, L_0x64f81bb03cb0;  1 drivers
v0x64f81bae41c0_0 .net *"_ivl_1", 0 0, L_0x64f81bb03f60;  1 drivers
o0x79d14deb77b8 .functor BUFZ 1, C4<z>; HiZ drive
; Elide local net with no drivers, v0x64f81bae42a0_0 name=_ivl_2
v0x64f81bae4390_0 .net *"_ivl_4", 0 0, L_0x64f81bb04000;  1 drivers
L_0x64f81bb04000 .functor MUXZ 1, o0x79d14deb77b8, L_0x64f81bb03f60, L_0x64f81bb03cb0, C4<>;
S_0x64f81bae4ab0 .scope generate, "external_block_simulator[0]" "external_block_simulator[0]" 2 21, 2 21 0, S_0x64f81ba6a850;
 .timescale -9 -12;
P_0x64f81bae4cd0 .param/l "i" 0 2 21, +C4<00>;
v0x64f81bae4d90_0 .net *"_ivl_0", 0 0, L_0x64f81baf2140;  1 drivers
v0x64f81bae4e70_0 .net *"_ivl_1", 0 0, L_0x64f81baf2240;  1 drivers
o0x79d14deb7ab8 .functor BUFZ 1, C4<z>; HiZ drive
; Elide local net with no drivers, v0x64f81bae4f50_0 name=_ivl_2
v0x64f81bae5010_0 .net *"_ivl_4", 0 0, L_0x64f81baf2340;  1 drivers
L_0x64f81baf2340 .functor MUXZ 1, o0x79d14deb7ab8, L_0x64f81baf2240, L_0x64f81baf2140, C4<>;
S_0x64f81bae50f0 .scope generate, "external_block_simulator[1]" "external_block_simulator[1]" 2 21, 2 21 0, S_0x64f81ba6a850;
 .timescale -9 -12;
P_0x64f81bae5320 .param/l "i" 0 2 21, +C4<01>;
v0x64f81bae53e0_0 .net *"_ivl_0", 0 0, L_0x64f81baf24b0;  1 drivers
v0x64f81bae54c0_0 .net *"_ivl_1", 0 0, L_0x64f81baf25a0;  1 drivers
o0x79d14deb7b78 .functor BUFZ 1, C4<z>; HiZ drive
; Elide local net with no drivers, v0x64f81bae55a0_0 name=_ivl_2
v0x64f81bae5690_0 .net *"_ivl_4", 0 0, L_0x64f81baf26c0;  1 drivers
L_0x64f81baf26c0 .functor MUXZ 1, o0x79d14deb7b78, L_0x64f81baf25a0, L_0x64f81baf24b0, C4<>;
S_0x64f81bae5770 .scope generate, "external_block_simulator[2]" "external_block_simulator[2]" 2 21, 2 21 0, S_0x64f81ba6a850;
 .timescale -9 -12;
P_0x64f81bae5970 .param/l "i" 0 2 21, +C4<010>;
v0x64f81bae5a50_0 .net *"_ivl_0", 0 0, L_0x64f81baf2800;  1 drivers
v0x64f81bae5b30_0 .net *"_ivl_1", 0 0, L_0x64f81baf28a0;  1 drivers
o0x79d14deb7c38 .functor BUFZ 1, C4<z>; HiZ drive
; Elide local net with no drivers, v0x64f81bae5c10_0 name=_ivl_2
v0x64f81bae5d00_0 .net *"_ivl_4", 0 0, L_0x64f81baf29b0;  1 drivers
L_0x64f81baf29b0 .functor MUXZ 1, o0x79d14deb7c38, L_0x64f81baf28a0, L_0x64f81baf2800, C4<>;
S_0x64f81bae5de0 .scope generate, "external_block_simulator[3]" "external_block_simulator[3]" 2 21, 2 21 0, S_0x64f81ba6a850;
 .timescale -9 -12;
P_0x64f81bae6030 .param/l "i" 0 2 21, +C4<011>;
v0x64f81bae6110_0 .net *"_ivl_0", 0 0, L_0x64f81baf2af0;  1 drivers
v0x64f81bae61f0_0 .net *"_ivl_1", 0 0, L_0x64f81baf2b90;  1 drivers
o0x79d14deb7cf8 .functor BUFZ 1, C4<z>; HiZ drive
; Elide local net with no drivers, v0x64f81bae62d0_0 name=_ivl_2
v0x64f81bae6390_0 .net *"_ivl_4", 0 0, L_0x64f81baf2d40;  1 drivers
L_0x64f81baf2d40 .functor MUXZ 1, o0x79d14deb7cf8, L_0x64f81baf2b90, L_0x64f81baf2af0, C4<>;
S_0x64f81bae6470 .scope generate, "external_block_simulator[4]" "external_block_simulator[4]" 2 21, 2 21 0, S_0x64f81ba6a850;
 .timescale -9 -12;
P_0x64f81bae6670 .param/l "i" 0 2 21, +C4<0100>;
v0x64f81bae6750_0 .net *"_ivl_0", 0 0, L_0x64f81baf2e10;  1 drivers
v0x64f81bae6830_0 .net *"_ivl_1", 0 0, L_0x64f81baf2eb0;  1 drivers
o0x79d14deb7db8 .functor BUFZ 1, C4<z>; HiZ drive
; Elide local net with no drivers, v0x64f81bae6910_0 name=_ivl_2
v0x64f81bae6a00_0 .net *"_ivl_4", 0 0, L_0x64f81baf2fe0;  1 drivers
L_0x64f81baf2fe0 .functor MUXZ 1, o0x79d14deb7db8, L_0x64f81baf2eb0, L_0x64f81baf2e10, C4<>;
S_0x64f81bae6ae0 .scope generate, "external_block_simulator[5]" "external_block_simulator[5]" 2 21, 2 21 0, S_0x64f81ba6a850;
 .timescale -9 -12;
P_0x64f81bae6ce0 .param/l "i" 0 2 21, +C4<0101>;
v0x64f81bae6dc0_0 .net *"_ivl_0", 0 0, L_0x64f81baf3100;  1 drivers
v0x64f81bae6ea0_0 .net *"_ivl_1", 0 0, L_0x64f81baf31a0;  1 drivers
o0x79d14deb7e78 .functor BUFZ 1, C4<z>; HiZ drive
; Elide local net with no drivers, v0x64f81bae6f80_0 name=_ivl_2
v0x64f81bae7070_0 .net *"_ivl_4", 0 0, L_0x64f81baf32e0;  1 drivers
L_0x64f81baf32e0 .functor MUXZ 1, o0x79d14deb7e78, L_0x64f81baf31a0, L_0x64f81baf3100, C4<>;
S_0x64f81bae7150 .scope generate, "external_block_simulator[6]" "external_block_simulator[6]" 2 21, 2 21 0, S_0x64f81ba6a850;
 .timescale -9 -12;
P_0x64f81bae7350 .param/l "i" 0 2 21, +C4<0110>;
v0x64f81bae7430_0 .net *"_ivl_0", 0 0, L_0x64f81baf3450;  1 drivers
v0x64f81bae7510_0 .net *"_ivl_1", 0 0, L_0x64f81baf34f0;  1 drivers
o0x79d14deb7f38 .functor BUFZ 1, C4<z>; HiZ drive
; Elide local net with no drivers, v0x64f81bae75f0_0 name=_ivl_2
v0x64f81bae76e0_0 .net *"_ivl_4", 0 0, L_0x64f81baf3640;  1 drivers
L_0x64f81baf3640 .functor MUXZ 1, o0x79d14deb7f38, L_0x64f81baf34f0, L_0x64f81baf3450, C4<>;
S_0x64f81bae77c0 .scope generate, "external_block_simulator[7]" "external_block_simulator[7]" 2 21, 2 21 0, S_0x64f81ba6a850;
 .timescale -9 -12;
P_0x64f81bae5fe0 .param/l "i" 0 2 21, +C4<0111>;
v0x64f81bae7a50_0 .net *"_ivl_0", 0 0, L_0x64f81baf37b0;  1 drivers
v0x64f81bae7b30_0 .net *"_ivl_1", 0 0, L_0x64f81baf3850;  1 drivers
o0x79d14deb7ff8 .functor BUFZ 1, C4<z>; HiZ drive
; Elide local net with no drivers, v0x64f81bae7c10_0 name=_ivl_2
v0x64f81bae7d00_0 .net *"_ivl_4", 0 0, L_0x64f81baf3ac0;  1 drivers
L_0x64f81baf3ac0 .functor MUXZ 1, o0x79d14deb7ff8, L_0x64f81baf3850, L_0x64f81baf37b0, C4<>;
S_0x64f81bae7de0 .scope generate, "external_block_simulator[8]" "external_block_simulator[8]" 2 21, 2 21 0, S_0x64f81ba6a850;
 .timescale -9 -12;
P_0x64f81bae7fe0 .param/l "i" 0 2 21, +C4<01000>;
v0x64f81bae80c0_0 .net *"_ivl_0", 0 0, L_0x64f81baf3c30;  1 drivers
v0x64f81bae81a0_0 .net *"_ivl_1", 0 0, L_0x64f81baf3cd0;  1 drivers
o0x79d14deb80b8 .functor BUFZ 1, C4<z>; HiZ drive
; Elide local net with no drivers, v0x64f81bae8280_0 name=_ivl_2
v0x64f81bae8370_0 .net *"_ivl_4", 0 0, L_0x64f81baf3e40;  1 drivers
L_0x64f81baf3e40 .functor MUXZ 1, o0x79d14deb80b8, L_0x64f81baf3cd0, L_0x64f81baf3c30, C4<>;
S_0x64f81bae8450 .scope generate, "external_block_simulator[9]" "external_block_simulator[9]" 2 21, 2 21 0, S_0x64f81ba6a850;
 .timescale -9 -12;
P_0x64f81bae8650 .param/l "i" 0 2 21, +C4<01001>;
v0x64f81bae8730_0 .net *"_ivl_0", 0 0, L_0x64f81baf3fb0;  1 drivers
v0x64f81bae8810_0 .net *"_ivl_1", 0 0, L_0x64f81baf4050;  1 drivers
o0x79d14deb8178 .functor BUFZ 1, C4<z>; HiZ drive
; Elide local net with no drivers, v0x64f81bae88f0_0 name=_ivl_2
v0x64f81bae89e0_0 .net *"_ivl_4", 0 0, L_0x64f81baf3da0;  1 drivers
L_0x64f81baf3da0 .functor MUXZ 1, o0x79d14deb8178, L_0x64f81baf4050, L_0x64f81baf3fb0, C4<>;
S_0x64f81bae8ac0 .scope generate, "external_block_simulator[10]" "external_block_simulator[10]" 2 21, 2 21 0, S_0x64f81ba6a850;
 .timescale -9 -12;
P_0x64f81bae8cc0 .param/l "i" 0 2 21, +C4<01010>;
v0x64f81bae8da0_0 .net *"_ivl_0", 0 0, L_0x64f81baf42a0;  1 drivers
v0x64f81bae8e80_0 .net *"_ivl_1", 0 0, L_0x64f81baf4340;  1 drivers
o0x79d14deb8238 .functor BUFZ 1, C4<z>; HiZ drive
; Elide local net with no drivers, v0x64f81bae8f60_0 name=_ivl_2
v0x64f81bae9050_0 .net *"_ivl_4", 0 0, L_0x64f81baf44d0;  1 drivers
L_0x64f81baf44d0 .functor MUXZ 1, o0x79d14deb8238, L_0x64f81baf4340, L_0x64f81baf42a0, C4<>;
S_0x64f81bae9130 .scope generate, "external_block_simulator[11]" "external_block_simulator[11]" 2 21, 2 21 0, S_0x64f81ba6a850;
 .timescale -9 -12;
P_0x64f81bae9330 .param/l "i" 0 2 21, +C4<01011>;
v0x64f81bae9410_0 .net *"_ivl_0", 0 0, L_0x64f81baf4640;  1 drivers
v0x64f81bae94f0_0 .net *"_ivl_1", 0 0, L_0x64f81baf46e0;  1 drivers
o0x79d14deb82f8 .functor BUFZ 1, C4<z>; HiZ drive
; Elide local net with no drivers, v0x64f81bae95d0_0 name=_ivl_2
v0x64f81bae96c0_0 .net *"_ivl_4", 0 0, L_0x64f81baf4880;  1 drivers
L_0x64f81baf4880 .functor MUXZ 1, o0x79d14deb82f8, L_0x64f81baf46e0, L_0x64f81baf4640, C4<>;
S_0x64f81bae97a0 .scope generate, "external_block_simulator[12]" "external_block_simulator[12]" 2 21, 2 21 0, S_0x64f81ba6a850;
 .timescale -9 -12;
P_0x64f81bae99a0 .param/l "i" 0 2 21, +C4<01100>;
v0x64f81bae9a80_0 .net *"_ivl_0", 0 0, L_0x64f81baf49f0;  1 drivers
v0x64f81bae9b60_0 .net *"_ivl_1", 0 0, L_0x64f81baf4a90;  1 drivers
o0x79d14deb83b8 .functor BUFZ 1, C4<z>; HiZ drive
; Elide local net with no drivers, v0x64f81bae9c40_0 name=_ivl_2
v0x64f81bae9d30_0 .net *"_ivl_4", 0 0, L_0x64f81baf4c40;  1 drivers
L_0x64f81baf4c40 .functor MUXZ 1, o0x79d14deb83b8, L_0x64f81baf4a90, L_0x64f81baf49f0, C4<>;
S_0x64f81bae9e10 .scope generate, "external_block_simulator[13]" "external_block_simulator[13]" 2 21, 2 21 0, S_0x64f81ba6a850;
 .timescale -9 -12;
P_0x64f81baea010 .param/l "i" 0 2 21, +C4<01101>;
v0x64f81baea0f0_0 .net *"_ivl_0", 0 0, L_0x64f81baf4db0;  1 drivers
v0x64f81baea1d0_0 .net *"_ivl_1", 0 0, L_0x64f81baf4e50;  1 drivers
o0x79d14deb8478 .functor BUFZ 1, C4<z>; HiZ drive
; Elide local net with no drivers, v0x64f81baea2b0_0 name=_ivl_2
v0x64f81baea3a0_0 .net *"_ivl_4", 0 0, L_0x64f81baf5010;  1 drivers
L_0x64f81baf5010 .functor MUXZ 1, o0x79d14deb8478, L_0x64f81baf4e50, L_0x64f81baf4db0, C4<>;
S_0x64f81baea480 .scope generate, "external_block_simulator[14]" "external_block_simulator[14]" 2 21, 2 21 0, S_0x64f81ba6a850;
 .timescale -9 -12;
P_0x64f81baea680 .param/l "i" 0 2 21, +C4<01110>;
v0x64f81baea760_0 .net *"_ivl_0", 0 0, L_0x64f81baf5180;  1 drivers
v0x64f81baea840_0 .net *"_ivl_1", 0 0, L_0x64f81baf5220;  1 drivers
o0x79d14deb8538 .functor BUFZ 1, C4<z>; HiZ drive
; Elide local net with no drivers, v0x64f81baea920_0 name=_ivl_2
v0x64f81baeaa10_0 .net *"_ivl_4", 0 0, L_0x64f81baf53f0;  1 drivers
L_0x64f81baf53f0 .functor MUXZ 1, o0x79d14deb8538, L_0x64f81baf5220, L_0x64f81baf5180, C4<>;
S_0x64f81baeaaf0 .scope generate, "external_block_simulator[15]" "external_block_simulator[15]" 2 21, 2 21 0, S_0x64f81ba6a850;
 .timescale -9 -12;
P_0x64f81baeacf0 .param/l "i" 0 2 21, +C4<01111>;
v0x64f81baeadd0_0 .net *"_ivl_0", 0 0, L_0x64f81baf5560;  1 drivers
v0x64f81baeaeb0_0 .net *"_ivl_1", 0 0, L_0x64f81baf5810;  1 drivers
o0x79d14deb85f8 .functor BUFZ 1, C4<z>; HiZ drive
; Elide local net with no drivers, v0x64f81baeaf90_0 name=_ivl_2
v0x64f81baeb080_0 .net *"_ivl_4", 0 0, L_0x64f81baf5c00;  1 drivers
L_0x64f81baf5c00 .functor MUXZ 1, o0x79d14deb85f8, L_0x64f81baf5810, L_0x64f81baf5560, C4<>;
S_0x64f81baeb160 .scope generate, "external_block_simulator[16]" "external_block_simulator[16]" 2 21, 2 21 0, S_0x64f81ba6a850;
 .timescale -9 -12;
P_0x64f81baeb360 .param/l "i" 0 2 21, +C4<010000>;
v0x64f81baeb440_0 .net *"_ivl_0", 0 0, L_0x64f81baf5d70;  1 drivers
v0x64f81baeb520_0 .net *"_ivl_1", 0 0, L_0x64f81baf5e10;  1 drivers
o0x79d14deb86b8 .functor BUFZ 1, C4<z>; HiZ drive
; Elide local net with no drivers, v0x64f81baeb600_0 name=_ivl_2
v0x64f81baeb6f0_0 .net *"_ivl_4", 0 0, L_0x64f81baf6000;  1 drivers
L_0x64f81baf6000 .functor MUXZ 1, o0x79d14deb86b8, L_0x64f81baf5e10, L_0x64f81baf5d70, C4<>;
S_0x64f81baeb7d0 .scope generate, "external_block_simulator[17]" "external_block_simulator[17]" 2 21, 2 21 0, S_0x64f81ba6a850;
 .timescale -9 -12;
P_0x64f81baeb9d0 .param/l "i" 0 2 21, +C4<010001>;
v0x64f81baebab0_0 .net *"_ivl_0", 0 0, L_0x64f81baf6170;  1 drivers
v0x64f81baebb90_0 .net *"_ivl_1", 0 0, L_0x64f81baf6210;  1 drivers
o0x79d14deb8778 .functor BUFZ 1, C4<z>; HiZ drive
; Elide local net with no drivers, v0x64f81baebc70_0 name=_ivl_2
v0x64f81baebd60_0 .net *"_ivl_4", 0 0, L_0x64f81baf6410;  1 drivers
L_0x64f81baf6410 .functor MUXZ 1, o0x79d14deb8778, L_0x64f81baf6210, L_0x64f81baf6170, C4<>;
S_0x64f81baebe40 .scope generate, "external_block_simulator[18]" "external_block_simulator[18]" 2 21, 2 21 0, S_0x64f81ba6a850;
 .timescale -9 -12;
P_0x64f81baec040 .param/l "i" 0 2 21, +C4<010010>;
v0x64f81baec120_0 .net *"_ivl_0", 0 0, L_0x64f81baf6580;  1 drivers
v0x64f81baec200_0 .net *"_ivl_1", 0 0, L_0x64f81baf6620;  1 drivers
o0x79d14deb8838 .functor BUFZ 1, C4<z>; HiZ drive
; Elide local net with no drivers, v0x64f81baec2e0_0 name=_ivl_2
v0x64f81baec3d0_0 .net *"_ivl_4", 0 0, L_0x64f81baf6830;  1 drivers
L_0x64f81baf6830 .functor MUXZ 1, o0x79d14deb8838, L_0x64f81baf6620, L_0x64f81baf6580, C4<>;
S_0x64f81baec4b0 .scope generate, "external_block_simulator[19]" "external_block_simulator[19]" 2 21, 2 21 0, S_0x64f81ba6a850;
 .timescale -9 -12;
P_0x64f81baec6b0 .param/l "i" 0 2 21, +C4<010011>;
v0x64f81baec790_0 .net *"_ivl_0", 0 0, L_0x64f81baf69a0;  1 drivers
v0x64f81baec870_0 .net *"_ivl_1", 0 0, L_0x64f81baf6a40;  1 drivers
o0x79d14deb88f8 .functor BUFZ 1, C4<z>; HiZ drive
; Elide local net with no drivers, v0x64f81baec950_0 name=_ivl_2
v0x64f81baeca40_0 .net *"_ivl_4", 0 0, L_0x64f81baf6c60;  1 drivers
L_0x64f81baf6c60 .functor MUXZ 1, o0x79d14deb88f8, L_0x64f81baf6a40, L_0x64f81baf69a0, C4<>;
S_0x64f81baecb20 .scope generate, "external_block_simulator[20]" "external_block_simulator[20]" 2 21, 2 21 0, S_0x64f81ba6a850;
 .timescale -9 -12;
P_0x64f81baecd20 .param/l "i" 0 2 21, +C4<010100>;
v0x64f81baece00_0 .net *"_ivl_0", 0 0, L_0x64f81baf6dd0;  1 drivers
v0x64f81baecee0_0 .net *"_ivl_1", 0 0, L_0x64f81baf6e70;  1 drivers
o0x79d14deb89b8 .functor BUFZ 1, C4<z>; HiZ drive
; Elide local net with no drivers, v0x64f81baecfc0_0 name=_ivl_2
v0x64f81baed0b0_0 .net *"_ivl_4", 0 0, L_0x64f81baf70a0;  1 drivers
L_0x64f81baf70a0 .functor MUXZ 1, o0x79d14deb89b8, L_0x64f81baf6e70, L_0x64f81baf6dd0, C4<>;
S_0x64f81baed190 .scope generate, "external_block_simulator[21]" "external_block_simulator[21]" 2 21, 2 21 0, S_0x64f81ba6a850;
 .timescale -9 -12;
P_0x64f81baed390 .param/l "i" 0 2 21, +C4<010101>;
v0x64f81baed470_0 .net *"_ivl_0", 0 0, L_0x64f81baf7210;  1 drivers
v0x64f81baed550_0 .net *"_ivl_1", 0 0, L_0x64f81baf72b0;  1 drivers
o0x79d14deb8a78 .functor BUFZ 1, C4<z>; HiZ drive
; Elide local net with no drivers, v0x64f81baed630_0 name=_ivl_2
v0x64f81baed720_0 .net *"_ivl_4", 0 0, L_0x64f81baf74f0;  1 drivers
L_0x64f81baf74f0 .functor MUXZ 1, o0x79d14deb8a78, L_0x64f81baf72b0, L_0x64f81baf7210, C4<>;
S_0x64f81baed800 .scope generate, "external_block_simulator[22]" "external_block_simulator[22]" 2 21, 2 21 0, S_0x64f81ba6a850;
 .timescale -9 -12;
P_0x64f81baeda00 .param/l "i" 0 2 21, +C4<010110>;
v0x64f81baedae0_0 .net *"_ivl_0", 0 0, L_0x64f81baf7660;  1 drivers
v0x64f81baedbc0_0 .net *"_ivl_1", 0 0, L_0x64f81baf7700;  1 drivers
o0x79d14deb8b38 .functor BUFZ 1, C4<z>; HiZ drive
; Elide local net with no drivers, v0x64f81baedca0_0 name=_ivl_2
v0x64f81baedd90_0 .net *"_ivl_4", 0 0, L_0x64f81baf7950;  1 drivers
L_0x64f81baf7950 .functor MUXZ 1, o0x79d14deb8b38, L_0x64f81baf7700, L_0x64f81baf7660, C4<>;
S_0x64f81baede70 .scope generate, "external_block_simulator[23]" "external_block_simulator[23]" 2 21, 2 21 0, S_0x64f81ba6a850;
 .timescale -9 -12;
P_0x64f81baee070 .param/l "i" 0 2 21, +C4<010111>;
v0x64f81baee150_0 .net *"_ivl_0", 0 0, L_0x64f81baf7ac0;  1 drivers
v0x64f81baee230_0 .net *"_ivl_1", 0 0, L_0x64f81baf7b60;  1 drivers
o0x79d14deb8bf8 .functor BUFZ 1, C4<z>; HiZ drive
; Elide local net with no drivers, v0x64f81baee310_0 name=_ivl_2
v0x64f81baee400_0 .net *"_ivl_4", 0 0, L_0x64f81baf7dc0;  1 drivers
L_0x64f81baf7dc0 .functor MUXZ 1, o0x79d14deb8bf8, L_0x64f81baf7b60, L_0x64f81baf7ac0, C4<>;
S_0x64f81baee4e0 .scope generate, "external_block_simulator[24]" "external_block_simulator[24]" 2 21, 2 21 0, S_0x64f81ba6a850;
 .timescale -9 -12;
P_0x64f81baee6e0 .param/l "i" 0 2 21, +C4<011000>;
v0x64f81baee7c0_0 .net *"_ivl_0", 0 0, L_0x64f81baf7f30;  1 drivers
v0x64f81baee8a0_0 .net *"_ivl_1", 0 0, L_0x64f81baf7fd0;  1 drivers
o0x79d14deb8cb8 .functor BUFZ 1, C4<z>; HiZ drive
; Elide local net with no drivers, v0x64f81baee980_0 name=_ivl_2
v0x64f81baeea70_0 .net *"_ivl_4", 0 0, L_0x64f81baf8240;  1 drivers
L_0x64f81baf8240 .functor MUXZ 1, o0x79d14deb8cb8, L_0x64f81baf7fd0, L_0x64f81baf7f30, C4<>;
S_0x64f81baeeb50 .scope generate, "external_block_simulator[25]" "external_block_simulator[25]" 2 21, 2 21 0, S_0x64f81ba6a850;
 .timescale -9 -12;
P_0x64f81baeed50 .param/l "i" 0 2 21, +C4<011001>;
v0x64f81baeee30_0 .net *"_ivl_0", 0 0, L_0x64f81baf83b0;  1 drivers
v0x64f81baeef10_0 .net *"_ivl_1", 0 0, L_0x64f81baf8450;  1 drivers
o0x79d14deb8d78 .functor BUFZ 1, C4<z>; HiZ drive
; Elide local net with no drivers, v0x64f81baeeff0_0 name=_ivl_2
v0x64f81baef0e0_0 .net *"_ivl_4", 0 0, L_0x64f81baf86d0;  1 drivers
L_0x64f81baf86d0 .functor MUXZ 1, o0x79d14deb8d78, L_0x64f81baf8450, L_0x64f81baf83b0, C4<>;
S_0x64f81baef1c0 .scope generate, "external_block_simulator[26]" "external_block_simulator[26]" 2 21, 2 21 0, S_0x64f81ba6a850;
 .timescale -9 -12;
P_0x64f81baef3c0 .param/l "i" 0 2 21, +C4<011010>;
v0x64f81baef4a0_0 .net *"_ivl_0", 0 0, L_0x64f81baf8840;  1 drivers
v0x64f81baef580_0 .net *"_ivl_1", 0 0, L_0x64f81baf88e0;  1 drivers
o0x79d14deb8e38 .functor BUFZ 1, C4<z>; HiZ drive
; Elide local net with no drivers, v0x64f81baef660_0 name=_ivl_2
v0x64f81baef750_0 .net *"_ivl_4", 0 0, L_0x64f81baf8b70;  1 drivers
L_0x64f81baf8b70 .functor MUXZ 1, o0x79d14deb8e38, L_0x64f81baf88e0, L_0x64f81baf8840, C4<>;
S_0x64f81baef830 .scope generate, "external_block_simulator[27]" "external_block_simulator[27]" 2 21, 2 21 0, S_0x64f81ba6a850;
 .timescale -9 -12;
P_0x64f81baefa30 .param/l "i" 0 2 21, +C4<011011>;
v0x64f81baefb10_0 .net *"_ivl_0", 0 0, L_0x64f81baf8ce0;  1 drivers
v0x64f81baefbf0_0 .net *"_ivl_1", 0 0, L_0x64f81baf8d80;  1 drivers
o0x79d14deb8ef8 .functor BUFZ 1, C4<z>; HiZ drive
; Elide local net with no drivers, v0x64f81baefcd0_0 name=_ivl_2
v0x64f81baefdc0_0 .net *"_ivl_4", 0 0, L_0x64f81baf9020;  1 drivers
L_0x64f81baf9020 .functor MUXZ 1, o0x79d14deb8ef8, L_0x64f81baf8d80, L_0x64f81baf8ce0, C4<>;
S_0x64f81baefea0 .scope generate, "external_block_simulator[28]" "external_block_simulator[28]" 2 21, 2 21 0, S_0x64f81ba6a850;
 .timescale -9 -12;
P_0x64f81baf00a0 .param/l "i" 0 2 21, +C4<011100>;
v0x64f81baf0180_0 .net *"_ivl_0", 0 0, L_0x64f81baf9190;  1 drivers
v0x64f81baf0260_0 .net *"_ivl_1", 0 0, L_0x64f81baf9230;  1 drivers
o0x79d14deb8fb8 .functor BUFZ 1, C4<z>; HiZ drive
; Elide local net with no drivers, v0x64f81baf0340_0 name=_ivl_2
v0x64f81baf0430_0 .net *"_ivl_4", 0 0, L_0x64f81baf94e0;  1 drivers
L_0x64f81baf94e0 .functor MUXZ 1, o0x79d14deb8fb8, L_0x64f81baf9230, L_0x64f81baf9190, C4<>;
S_0x64f81baf0510 .scope generate, "external_block_simulator[29]" "external_block_simulator[29]" 2 21, 2 21 0, S_0x64f81ba6a850;
 .timescale -9 -12;
P_0x64f81baf0710 .param/l "i" 0 2 21, +C4<011101>;
v0x64f81baf07f0_0 .net *"_ivl_0", 0 0, L_0x64f81baf9650;  1 drivers
v0x64f81baf08d0_0 .net *"_ivl_1", 0 0, L_0x64f81baf96f0;  1 drivers
o0x79d14deb9078 .functor BUFZ 1, C4<z>; HiZ drive
; Elide local net with no drivers, v0x64f81baf09b0_0 name=_ivl_2
v0x64f81baf0aa0_0 .net *"_ivl_4", 0 0, L_0x64f81baf99b0;  1 drivers
L_0x64f81baf99b0 .functor MUXZ 1, o0x79d14deb9078, L_0x64f81baf96f0, L_0x64f81baf9650, C4<>;
S_0x64f81baf0b80 .scope generate, "external_block_simulator[30]" "external_block_simulator[30]" 2 21, 2 21 0, S_0x64f81ba6a850;
 .timescale -9 -12;
P_0x64f81baf0d80 .param/l "i" 0 2 21, +C4<011110>;
v0x64f81baf0e60_0 .net *"_ivl_0", 0 0, L_0x64f81baf9b20;  1 drivers
v0x64f81baf0f40_0 .net *"_ivl_1", 0 0, L_0x64f81baf9bc0;  1 drivers
o0x79d14deb9138 .functor BUFZ 1, C4<z>; HiZ drive
; Elide local net with no drivers, v0x64f81baf1020_0 name=_ivl_2
v0x64f81baf1110_0 .net *"_ivl_4", 0 0, L_0x64f81baf9e90;  1 drivers
L_0x64f81baf9e90 .functor MUXZ 1, o0x79d14deb9138, L_0x64f81baf9bc0, L_0x64f81baf9b20, C4<>;
S_0x64f81baf11f0 .scope generate, "external_block_simulator[31]" "external_block_simulator[31]" 2 21, 2 21 0, S_0x64f81ba6a850;
 .timescale -9 -12;
P_0x64f81baf1600 .param/l "i" 0 2 21, +C4<011111>;
v0x64f81baf16e0_0 .net *"_ivl_0", 0 0, L_0x64f81bafaaa0;  1 drivers
v0x64f81baf17c0_0 .net *"_ivl_1", 0 0, L_0x64f81bafb160;  1 drivers
o0x79d14deb91f8 .functor BUFZ 1, C4<z>; HiZ drive
; Elide local net with no drivers, v0x64f81baf18a0_0 name=_ivl_2
v0x64f81baf1990_0 .net *"_ivl_4", 0 0, L_0x64f81bafb610;  1 drivers
L_0x64f81bafb610 .functor MUXZ 1, o0x79d14deb91f8, L_0x64f81bafb160, L_0x64f81bafaaa0, C4<>;
    .scope S_0x64f81ba6a850;
T_0 ;
    %pushi/vec4 0, 0, 1;
    %store/vec4 v0x64f81baf1a70_0, 0, 1;
    %end;
    .thread T_0;
    .scope S_0x64f81ba6a850;
T_1 ;
    %delay 20000, 0;
    %load/vec4 v0x64f81baf1a70_0;
    %inv;
    %store/vec4 v0x64f81baf1a70_0, 0, 1;
    %jmp T_1;
    .thread T_1;
    .scope S_0x64f81ba6a850;
T_2 ;
    %pushi/vec4 0, 0, 32;
    %store/vec4 v0x64f81baf2070_0, 0, 32;
    %pushi/vec4 0, 0, 32;
    %store/vec4 v0x64f81baf1fb0_0, 0, 32;
    %pushi/vec4 0, 0, 32;
    %store/vec4 v0x64f81baf1e00_0, 0, 32;
    %pushi/vec4 0, 0, 32;
    %store/vec4 v0x64f81baf1ef0_0, 0, 32;
    %pushi/vec4 2, 0, 32;
T_2.0 %dup/vec4;
    %pushi/vec4 0, 0, 32;
    %cmp/s;
    %jmp/1xz T_2.1, 5;
    %jmp/1 T_2.1, 4;
    %pushi/vec4 1, 0, 32;
    %sub;
    %wait E_0x64f81ba30670;
    %jmp T_2.0;
T_2.1 ;
    %pop/vec4 1;
    %pushi/vec4 1431677610, 0, 32;
    %store/vec4 v0x64f81baf2070_0, 0, 32;
    %pushi/vec4 4294967295, 0, 32;
    %store/vec4 v0x64f81baf1fb0_0, 0, 32;
    %pushi/vec4 2, 0, 32;
T_2.2 %dup/vec4;
    %pushi/vec4 0, 0, 32;
    %cmp/s;
    %jmp/1xz T_2.3, 5;
    %jmp/1 T_2.3, 4;
    %pushi/vec4 1, 0, 32;
    %sub;
    %wait E_0x64f81ba30670;
    %jmp T_2.2;
T_2.3 ;
    %pop/vec4 1;
    %pushi/vec4 0, 0, 32;
    %store/vec4 v0x64f81baf1fb0_0, 0, 32;
    %wait E_0x64f81ba30670;
    %pushi/vec4 2779093401, 0, 32;
    %store/vec4 v0x64f81baf1e00_0, 0, 32;
    %pushi/vec4 4294967295, 0, 32;
    %store/vec4 v0x64f81baf1ef0_0, 0, 32;
    %pushi/vec4 2, 0, 32;
T_2.4 %dup/vec4;
    %pushi/vec4 0, 0, 32;
    %cmp/s;
    %jmp/1xz T_2.5, 5;
    %jmp/1 T_2.5, 4;
    %pushi/vec4 1, 0, 32;
    %sub;
    %wait E_0x64f81ba30670;
    %jmp T_2.4;
T_2.5 ;
    %pop/vec4 1;
    %pushi/vec4 0, 0, 32;
    %store/vec4 v0x64f81baf1ef0_0, 0, 32;
    %pushi/vec4 65535, 0, 32;
    %store/vec4 v0x64f81baf1fb0_0, 0, 32;
    %pushi/vec4 4660, 0, 32;
    %store/vec4 v0x64f81baf2070_0, 0, 32;
    %pushi/vec4 2882338816, 0, 32;
    %store/vec4 v0x64f81baf1e00_0, 0, 32;
    %pushi/vec4 4294901760, 0, 32;
    %store/vec4 v0x64f81baf1ef0_0, 0, 32;
    %pushi/vec4 2, 0, 32;
T_2.6 %dup/vec4;
    %pushi/vec4 0, 0, 32;
    %cmp/s;
    %jmp/1xz T_2.7, 5;
    %jmp/1 T_2.7, 4;
    %pushi/vec4 1, 0, 32;
    %sub;
    %wait E_0x64f81ba30670;
    %jmp T_2.6;
T_2.7 ;
    %pop/vec4 1;
    %delay 20000, 0;
    %vpi_call 2 82 "$finish" {0 0 0};
    %end;
    .thread T_2;
    .scope S_0x64f81ba6a850;
T_3 ;
    %vpi_call 2 88 "$dumpfile", "io_interface_sim.vcd" {0 0 0};
    %vpi_call 2 89 "$dumpvars", 32'sb00000000000000000000000000000000, S_0x64f81ba6a850 {0 0 0};
    %end;
    .thread T_3;
# The file index is used to find the file name in the following table.
:file_names 4;
    "N/A";
    "<interactive>";
    "../tb/io_interface_tb.v";
    "../rtl/io_interface.v";
